                      :-) GROMACS - gmx mdrun, 2023.2 (-:

Copyright 1991-2023 The GROMACS Authors.
GROMACS is free software; you can redistribute it and/or modify it
under the terms of the GNU Lesser General Public License
as published by the Free Software Foundation; either version 2.1
of the License, or (at your option) any later version.

                         Current GROMACS contributors:
       Mark Abraham           Andrey Alekseenko           Cathrine Bergh      
      Christian Blau            Eliane Briand             Mahesh Doijade      
    Stefan Fleischmann           Vytas Gapsys              Gaurav Garg        
      Sergey Gorelov         Gilles Gouaillardet            Alan Gray         
     M. Eric Irrgang         Farzaneh Jalalypour            Joe Jordan        
    Christoph Junghans        Prashanth Kanduri          Sebastian Keller     
     Carsten Kutzner           Justin A. Lemkul          Magnus Lundborg      
       Pascal Merz              Vedran Miletic            Dmitry Morozov      
       Szilard Pall             Roland Schulz             Michael Shirts      
     Alexey Shvetsov            Balint Soproni         David van der Spoel    
      Philip Turner             Carsten Uphoff           Alessandra Villa     
 Sebastian Wingbermuehle        Artem Zhmurov       

                         Previous GROMACS contributors:
        Emile Apol             Rossen Apostolov           James Barnett       
  Herman J.C. Berendsen          Par Bjelkmar           Viacheslav Bolnykh    
        Kevin Boyd            Aldert van Buuren          Carlo Camilloni      
     Rudi van Drunen            Anton Feenstra           Oliver Fleetwood     
     Gerrit Groenhof            Bert de Groot             Anca Hamuraru       
    Vincent Hindriksen          Victor Holanda           Aleksei Iupinov      
   Dimitrios Karkoulis           Peter Kasson             Sebastian Kehl      
        Jiri Kraus               Per Larsson              Viveca Lindahl      
      Erik Marklund           Pieter Meulenhoff           Teemu Murtola       
       Sander Pronk             Alfons Sijbers            Peter Tieleman      
       Jon Vincent             Teemu Virolainen         Christian Wennberg    
       Maarten Wolf       

                  Coordinated by the GROMACS project leaders:
                    Paul Bauer, Berk Hess, and Erik Lindahl

GROMACS:      gmx mdrun, version 2023.2
Executable:   /usr/local/gromacs/bin/gmx
Data prefix:  /usr/local/gromacs
Working dir:  /Users/samhoover/molecular-dynamics/proteins/tutorials/lekmul/lysozyme-in-water
Process ID:   69962
Command line:
  gmx mdrun -v -deffnm md_0_1

GROMACS version:    2023.2
Precision:          mixed
Memory model:       64 bit
MPI library:        thread_mpi
OpenMP support:     enabled (GMX_OPENMP_MAX_THREADS = 128)
GPU support:        disabled
SIMD instructions:  ARM_NEON_ASIMD
CPU FFT library:    fftw-3.3.8
GPU FFT library:    none
Multi-GPU FFT:      none
TNG support:        enabled
Hwloc support:      disabled
Tracing support:    disabled
C compiler:         /Library/Developer/CommandLineTools/usr/bin/cc AppleClang 15.0.0.15000040
C compiler flags:   -Wno-missing-field-initializers -fno-stack-check -fno-stack-check -O3 -DNDEBUG
C++ compiler:       /Library/Developer/CommandLineTools/usr/bin/c++ AppleClang 15.0.0.15000040
C++ compiler flags: -Wno-reserved-identifier -Wno-missing-field-initializers -fno-stack-check -fno-stack-check -Weverything -Wno-c++98-compat -Wno-c++98-compat-pedantic -Wno-source-uses-openmp -Wno-c++17-extensions -Wno-documentation-unknown-command -Wno-covered-switch-default -Wno-switch-enum -Wno-extra-semi-stmt -Wno-weak-vtables -Wno-shadow -Wno-padded -Wno-reserved-id-macro -Wno-double-promotion -Wno-exit-time-destructors -Wno-global-constructors -Wno-documentation -Wno-format-nonliteral -Wno-used-but-marked-unused -Wno-float-equal -Wno-conditional-uninitialized -Wno-conversion -Wno-disabled-macro-expansion -Wno-unused-macros -Wno-unsafe-buffer-usage -Xclang -fopenmp -O3 -DNDEBUG
BLAS library:       External - detected on the system
LAPACK library:     External - detected on the system


Running on 1 node with total 0 processing units
Hardware detected on host sh-m1mbp.lan:
  CPU info:
    Vendor: ARM
    Brand:  Unknown CPU brand
    Family: 0   Model: 0   Stepping: 0
    Features: neon neon_asimd
  Hardware topology: Only logical processor count
    CPU limit set by OS: -1   Recommended max number of threads: 8


++++ PLEASE READ AND CITE THE FOLLOWING REFERENCE ++++
M. J. Abraham, T. Murtola, R. Schulz, S. Páll, J. C. Smith, B. Hess, E.
Lindahl
GROMACS: High performance molecular simulations through multi-level
parallelism from laptops to supercomputers
SoftwareX 1 (2015) pp. 19-25
-------- -------- --- Thank You --- -------- --------


++++ PLEASE READ AND CITE THE FOLLOWING REFERENCE ++++
S. Páll, M. J. Abraham, C. Kutzner, B. Hess, E. Lindahl
Tackling Exascale Software Challenges in Molecular Dynamics Simulations with
GROMACS
In S. Markidis & E. Laure (Eds.), Solving Software Challenges for Exascale 8759 (2015) pp. 3-27
-------- -------- --- Thank You --- -------- --------


++++ PLEASE READ AND CITE THE FOLLOWING REFERENCE ++++
S. Pronk, S. Páll, R. Schulz, P. Larsson, P. Bjelkmar, R. Apostolov, M. R.
Shirts, J. C. Smith, P. M. Kasson, D. van der Spoel, B. Hess, and E. Lindahl
GROMACS 4.5: a high-throughput and highly parallel open source molecular
simulation toolkit
Bioinformatics 29 (2013) pp. 845-54
-------- -------- --- Thank You --- -------- --------


++++ PLEASE READ AND CITE THE FOLLOWING REFERENCE ++++
B. Hess and C. Kutzner and D. van der Spoel and E. Lindahl
GROMACS 4: Algorithms for highly efficient, load-balanced, and scalable
molecular simulation
J. Chem. Theory Comput. 4 (2008) pp. 435-447
-------- -------- --- Thank You --- -------- --------


++++ PLEASE READ AND CITE THE FOLLOWING REFERENCE ++++
D. van der Spoel, E. Lindahl, B. Hess, G. Groenhof, A. E. Mark and H. J. C.
Berendsen
GROMACS: Fast, Flexible and Free
J. Comp. Chem. 26 (2005) pp. 1701-1719
-------- -------- --- Thank You --- -------- --------


++++ PLEASE READ AND CITE THE FOLLOWING REFERENCE ++++
E. Lindahl and B. Hess and D. van der Spoel
GROMACS 3.0: A package for molecular simulation and trajectory analysis
J. Mol. Mod. 7 (2001) pp. 306-317
-------- -------- --- Thank You --- -------- --------


++++ PLEASE READ AND CITE THE FOLLOWING REFERENCE ++++
H. J. C. Berendsen, D. van der Spoel and R. van Drunen
GROMACS: A message-passing parallel molecular dynamics implementation
Comp. Phys. Comm. 91 (1995) pp. 43-56
-------- -------- --- Thank You --- -------- --------


++++ PLEASE CITE THE DOI FOR THIS VERSION OF GROMACS ++++
https://doi.org/10.5281/zenodo.8134397
-------- -------- --- Thank You --- -------- --------

Input Parameters:
   integrator                     = md
   tinit                          = 0
   dt                             = 0.002
   nsteps                         = 500000
   init-step                      = 0
   simulation-part                = 1
   mts                            = false
   comm-mode                      = Linear
   nstcomm                        = 100
   bd-fric                        = 0
   ld-seed                        = 905846655
   emtol                          = 10
   emstep                         = 0.01
   niter                          = 20
   fcstep                         = 0
   nstcgsteep                     = 1000
   nbfgscorr                      = 10
   rtpi                           = 0.05
   nstxout                        = 0
   nstvout                        = 0
   nstfout                        = 0
   nstlog                         = 5000
   nstcalcenergy                  = 100
   nstenergy                      = 5000
   nstxout-compressed             = 5000
   compressed-x-precision         = 1000
   cutoff-scheme                  = Verlet
   nstlist                        = 10
   pbc                            = xyz
   periodic-molecules             = false
   verlet-buffer-tolerance        = 0.005
   rlist                          = 1
   coulombtype                    = PME
   coulomb-modifier               = Potential-shift
   rcoulomb-switch                = 0
   rcoulomb                       = 1
   epsilon-r                      = 1
   epsilon-rf                     = inf
   vdw-type                       = Cut-off
   vdw-modifier                   = Potential-shift
   rvdw-switch                    = 0
   rvdw                           = 1
   DispCorr                       = EnerPres
   table-extension                = 1
   fourierspacing                 = 0.16
   fourier-nx                     = 44
   fourier-ny                     = 44
   fourier-nz                     = 44
   pme-order                      = 4
   ewald-rtol                     = 1e-05
   ewald-rtol-lj                  = 0.001
   lj-pme-comb-rule               = Geometric
   ewald-geometry                 = 3d
   epsilon-surface                = 0
   ensemble-temperature-setting   = constant
   ensemble-temperature           = 300
   tcoupl                         = V-rescale
   nsttcouple                     = 10
   nh-chain-length                = 0
   print-nose-hoover-chain-variables = false
   pcoupl                         = Parrinello-Rahman
   pcoupltype                     = Isotropic
   nstpcouple                     = 50
   tau-p                          = 2
   compressibility (3x3):
      compressibility[    0]={ 4.50000e-05,  0.00000e+00,  0.00000e+00}
      compressibility[    1]={ 0.00000e+00,  4.50000e-05,  0.00000e+00}
      compressibility[    2]={ 0.00000e+00,  0.00000e+00,  4.50000e-05}
   ref-p (3x3):
      ref-p[    0]={ 1.00000e+00,  0.00000e+00,  0.00000e+00}
      ref-p[    1]={ 0.00000e+00,  1.00000e+00,  0.00000e+00}
      ref-p[    2]={ 0.00000e+00,  0.00000e+00,  1.00000e+00}
   refcoord-scaling               = No
   posres-com (3):
      posres-com[0]= 0.00000e+00
      posres-com[1]= 0.00000e+00
      posres-com[2]= 0.00000e+00
   posres-comB (3):
      posres-comB[0]= 0.00000e+00
      posres-comB[1]= 0.00000e+00
      posres-comB[2]= 0.00000e+00
   QMMM                           = false
qm-opts:
   ngQM                           = 0
   constraint-algorithm           = Lincs
   continuation                   = true
   Shake-SOR                      = false
   shake-tol                      = 0.0001
   lincs-order                    = 4
   lincs-iter                     = 1
   lincs-warnangle                = 30
   nwall                          = 0
   wall-type                      = 9-3
   wall-r-linpot                  = -1
   wall-atomtype[0]               = -1
   wall-atomtype[1]               = -1
   wall-density[0]                = 0
   wall-density[1]                = 0
   wall-ewald-zfac                = 3
   pull                           = false
   awh                            = false
   rotation                       = false
   interactiveMD                  = false
   disre                          = No
   disre-weighting                = Conservative
   disre-mixed                    = false
   dr-fc                          = 1000
   dr-tau                         = 0
   nstdisreout                    = 100
   orire-fc                       = 0
   orire-tau                      = 0
   nstorireout                    = 100
   free-energy                    = no
   cos-acceleration               = 0
   deform (3x3):
      deform[    0]={ 0.00000e+00,  0.00000e+00,  0.00000e+00}
      deform[    1]={ 0.00000e+00,  0.00000e+00,  0.00000e+00}
      deform[    2]={ 0.00000e+00,  0.00000e+00,  0.00000e+00}
   simulated-tempering            = false
   swapcoords                     = no
   userint1                       = 0
   userint2                       = 0
   userint3                       = 0
   userint4                       = 0
   userreal1                      = 0
   userreal2                      = 0
   userreal3                      = 0
   userreal4                      = 0
   applied-forces:
     electric-field:
       x:
         E0                       = 0
         omega                    = 0
         t0                       = 0
         sigma                    = 0
       y:
         E0                       = 0
         omega                    = 0
         t0                       = 0
         sigma                    = 0
       z:
         E0                       = 0
         omega                    = 0
         t0                       = 0
         sigma                    = 0
     density-guided-simulation:
       active                     = false
       group                      = protein
       similarity-measure         = inner-product
       atom-spreading-weight      = unity
       force-constant             = 1e+09
       gaussian-transform-spreading-width = 0.2
       gaussian-transform-spreading-range-in-multiples-of-width = 4
       reference-density-filename = reference.mrc
       nst                        = 1
       normalize-densities        = true
       adaptive-force-scaling     = false
       adaptive-force-scaling-time-constant = 4
       shift-vector               = 
       transformation-matrix      = 
     qmmm-cp2k:
       active                     = false
       qmgroup                    = System
       qmmethod                   = PBE
       qmfilenames                = 
       qmcharge                   = 0
       qmmultiplicity             = 1
grpopts:
   nrdf:     4920.79     63837.2
   ref-t:         300         300
   tau-t:         0.1         0.1
annealing:          No          No
annealing-npoints:           0           0
   acc:	           0           0           0
   nfreeze:           N           N           N
   energygrp-flags[  0]: 0

Changing nstlist from 10 to 40, rlist from 1 to 1.096


Initializing Domain Decomposition on 1 ranks
Dynamic load balancing: auto
Using update groups, nr 11645, average size 2.9 atoms, max. radius 0.103 nm
Minimum cell size due to atom displacement: 0.349 nm
Initial maximum distances in bonded interactions:
    two-body bonded interactions: 0.456 nm, LJ-14, atoms 1156 1405
  multi-body bonded interactions: 0.456 nm, Ryckaert-Bell., atoms 1156 1405
Minimum cell size due to bonded interactions: 0.501 nm
Using 0 separate PME ranks because: there are too few total ranks for efficient splitting
Optimizing the DD grid for 1 cells with a minimum initial size of 0.501 nm
The maximum allowed number of cells is: X 13 Y 13 Z 13
Domain decomposition grid 1 x 1 x 1, separate PME ranks 0
PME domain decomposition: 1 x 1 x 1

The initial number of communication pulses is:
The initial domain decomposition cell size is:

The maximum allowed distance for atom groups involved in interactions is:
                 non-bonded interactions           1.303 nm
(the following are initial values, they could change due to box deformation)
            two-body bonded interactions  (-rdd)   1.303 nm
          multi-body bonded interactions  (-rdd)   1.303 nm

When dynamic load balancing gets turned on, these settings will change to:
The maximum number of communication pulses is:
The minimum size for domain decomposition cells is 1.303 nm
The requested allowed shrink of DD cells (option -dds) is: 0.80
The allowed shrink of domain decomposition cells is:
The maximum allowed distance for atom groups involved in interactions is:
                 non-bonded interactions           1.303 nm
            two-body bonded interactions  (-rdd)   1.303 nm
          multi-body bonded interactions  (-rdd)   1.303 nm

Using 1 MPI thread
Using 8 OpenMP threads 

System total charge: -0.000
Will do PME sum in reciprocal space for electrostatic interactions.

++++ PLEASE READ AND CITE THE FOLLOWING REFERENCE ++++
U. Essmann, L. Perera, M. L. Berkowitz, T. Darden, H. Lee and L. G. Pedersen 
A smooth particle mesh Ewald method
J. Chem. Phys. 103 (1995) pp. 8577-8592
-------- -------- --- Thank You --- -------- --------

Using a Gaussian width (1/beta) of 0.320163 nm for Ewald
Potential shift: LJ r^-12: -1.000e+00 r^-6: -1.000e+00, Ewald -1.000e-05
Initialized non-bonded Coulomb Ewald tables, spacing: 9.33e-04 size: 1073

Generated table with 1048 data points for 1-4 COUL.
Tabscale = 500 points/nm
Generated table with 1048 data points for 1-4 LJ6.
Tabscale = 500 points/nm
Generated table with 1048 data points for 1-4 LJ12.
Tabscale = 500 points/nm
Long Range LJ corr.: <C6> 3.1923e-04


Using SIMD 4x4 nonbonded short-range kernels

Using a dual 4x4 pair-list setup updated with dynamic pruning:
  outer list: updated every 40 steps, buffer 0.096 nm, rlist 1.096 nm
  inner list: updated every 12 steps, buffer 0.003 nm, rlist 1.003 nm
At tolerance 0.005 kJ/mol/ps per atom, equivalent classical 1x1 list would be:
  outer list: updated every 40 steps, buffer 0.211 nm, rlist 1.211 nm
  inner list: updated every 12 steps, buffer 0.048 nm, rlist 1.048 nm

Using Geometric Lennard-Jones combination rule

Linking all bonded interactions to atoms


Initializing LINear Constraint Solver

++++ PLEASE READ AND CITE THE FOLLOWING REFERENCE ++++
B. Hess and H. Bekker and H. J. C. Berendsen and J. G. E. M. Fraaije
LINCS: A Linear Constraint Solver for molecular simulations
J. Comp. Chem. 18 (1997) pp. 1463-1472
-------- -------- --- Thank You --- -------- --------

The number of constraints is 959

++++ PLEASE READ AND CITE THE FOLLOWING REFERENCE ++++
S. Miyamoto and P. A. Kollman
SETTLE: An Analytical Version of the SHAKE and RATTLE Algorithms for Rigid
Water Models
J. Comp. Chem. 13 (1992) pp. 952-962
-------- -------- --- Thank You --- -------- --------


++++ PLEASE READ AND CITE THE FOLLOWING REFERENCE ++++
G. Bussi, D. Donadio and M. Parrinello
Canonical sampling through velocity rescaling
J. Chem. Phys. 126 (2007) pp. 014101
-------- -------- --- Thank You --- -------- --------

There are: 33876 Atoms

Atom distribution over 1 domains: av 33876 stddev 0 min 33876 max 33876
Center of mass motion removal mode is Linear
We have the following groups for center of mass motion removal:
  0:  rest

Started mdrun on rank 0 Sat Oct  7 19:52:40 2023

           Step           Time
              0        0.00000

   Energies (kJ/mol)
           Bond          Angle    Proper Dih. Ryckaert-Bell.          LJ-14
    1.46497e+03    3.66178e+03    2.30003e+02    1.87472e+03    2.63954e+03
     Coulomb-14        LJ (SR)  Disper. corr.   Coulomb (SR)   Coul. recip.
    7.64834e+03    9.40225e+04   -4.56190e+03   -6.34925e+05    2.98147e+03
      Potential    Kinetic En.   Total Energy  Conserved En.    Temperature
   -5.24963e+05    8.64571e+04   -4.38506e+05   -4.38486e+05    3.02464e+02
 Pres. DC (bar) Pressure (bar)   Constr. rmsd
   -2.25731e+02    2.76147e+02    3.16791e-06

           Step           Time
           5000       10.00000

   Energies (kJ/mol)
           Bond          Angle    Proper Dih. Ryckaert-Bell.          LJ-14
    1.38869e+03    3.75777e+03    2.59900e+02    1.86775e+03    2.76460e+03
     Coulomb-14        LJ (SR)  Disper. corr.   Coulomb (SR)   Coul. recip.
    7.69620e+03    9.31022e+04   -4.55690e+03   -6.34480e+05    2.87998e+03
      Potential    Kinetic En.   Total Energy  Conserved En.    Temperature
   -5.25320e+05    8.57694e+04   -4.39550e+05   -4.37788e+05    3.00058e+02
 Pres. DC (bar) Pressure (bar)   Constr. rmsd
   -2.25237e+02    1.23793e+01    2.94944e-06

           Step           Time
          10000       20.00000

   Energies (kJ/mol)
           Bond          Angle    Proper Dih. Ryckaert-Bell.          LJ-14
    1.46738e+03    3.71620e+03    2.56621e+02    1.76084e+03    2.74222e+03
     Coulomb-14        LJ (SR)  Disper. corr.   Coulomb (SR)   Coul. recip.
    7.84459e+03    9.23304e+04   -4.56861e+03   -6.33170e+05    2.89838e+03
      Potential    Kinetic En.   Total Energy  Conserved En.    Temperature
   -5.24722e+05    8.53188e+04   -4.39404e+05   -4.37595e+05    2.98481e+02
 Pres. DC (bar) Pressure (bar)   Constr. rmsd
   -2.26395e+02    2.52379e+01    2.99188e-06

           Step           Time
          15000       30.00000

   Energies (kJ/mol)
           Bond          Angle    Proper Dih. Ryckaert-Bell.          LJ-14
    1.48874e+03    3.76165e+03    2.77418e+02    1.79425e+03    2.56999e+03
     Coulomb-14        LJ (SR)  Disper. corr.   Coulomb (SR)   Coul. recip.
    7.75775e+03    9.36216e+04   -4.56931e+03   -6.35103e+05    2.89483e+03
      Potential    Kinetic En.   Total Energy  Conserved En.    Temperature
   -5.25506e+05    8.44116e+04   -4.41095e+05   -4.37234e+05    2.95308e+02
 Pres. DC (bar) Pressure (bar)   Constr. rmsd
   -2.26464e+02   -1.43246e+02    2.57304e-06

           Step           Time
          20000       40.00000

   Energies (kJ/mol)
           Bond          Angle    Proper Dih. Ryckaert-Bell.          LJ-14
    1.44725e+03    3.95626e+03    2.44987e+02    1.81348e+03    2.60002e+03
     Coulomb-14        LJ (SR)  Disper. corr.   Coulomb (SR)   Coul. recip.
    7.74539e+03    9.40915e+04   -4.58092e+03   -6.35738e+05    2.93750e+03
      Potential    Kinetic En.   Total Energy  Conserved En.    Temperature
   -5.25483e+05    8.60173e+04   -4.39466e+05   -4.36947e+05    3.00925e+02
 Pres. DC (bar) Pressure (bar)   Constr. rmsd
   -2.27615e+02    1.89382e+02    2.72964e-06

           Step           Time
          25000       50.00000

   Energies (kJ/mol)
           Bond          Angle    Proper Dih. Ryckaert-Bell.          LJ-14
    1.37751e+03    3.67590e+03    2.83492e+02    1.70136e+03    2.75115e+03
     Coulomb-14        LJ (SR)  Disper. corr.   Coulomb (SR)   Coul. recip.
    7.81846e+03    9.44509e+04   -4.56949e+03   -6.35451e+05    2.97451e+03
      Potential    Kinetic En.   Total Energy  Conserved En.    Temperature
   -5.24987e+05    8.56243e+04   -4.39363e+05   -4.36512e+05    2.99550e+02
 Pres. DC (bar) Pressure (bar)   Constr. rmsd
   -2.26482e+02    2.47666e+02    3.03912e-06

           Step           Time
          30000       60.00000

   Energies (kJ/mol)
           Bond          Angle    Proper Dih. Ryckaert-Bell.          LJ-14
    1.51070e+03    3.61098e+03    2.53915e+02    1.84968e+03    2.60766e+03
     Coulomb-14        LJ (SR)  Disper. corr.   Coulomb (SR)   Coul. recip.
    7.72066e+03    9.44748e+04   -4.54760e+03   -6.35935e+05    2.91109e+03
      Potential    Kinetic En.   Total Energy  Conserved En.    Temperature
   -5.25543e+05    8.49868e+04   -4.40556e+05   -4.36059e+05    2.97320e+02
 Pres. DC (bar) Pressure (bar)   Constr. rmsd
   -2.24319e+02   -2.57946e+01    2.60580e-06

           Step           Time
          35000       70.00000

   Energies (kJ/mol)
           Bond          Angle    Proper Dih. Ryckaert-Bell.          LJ-14
    1.54171e+03    3.86355e+03    2.48750e+02    1.71262e+03    2.59044e+03
     Coulomb-14        LJ (SR)  Disper. corr.   Coulomb (SR)   Coul. recip.
    7.67978e+03    9.32908e+04   -4.55275e+03   -6.34269e+05    2.90070e+03
      Potential    Kinetic En.   Total Energy  Conserved En.    Temperature
   -5.24993e+05    8.60142e+04   -4.38979e+05   -4.35841e+05    3.00914e+02
 Pres. DC (bar) Pressure (bar)   Constr. rmsd
   -2.24827e+02   -1.30451e+02    3.05938e-06

           Step           Time
          40000       80.00000

   Energies (kJ/mol)
           Bond          Angle    Proper Dih. Ryckaert-Bell.          LJ-14
    1.51368e+03    3.82303e+03    2.53639e+02    1.80688e+03    2.61336e+03
     Coulomb-14        LJ (SR)  Disper. corr.   Coulomb (SR)   Coul. recip.
    7.74800e+03    9.44661e+04   -4.57597e+03   -6.35394e+05    2.84157e+03
      Potential    Kinetic En.   Total Energy  Conserved En.    Temperature
   -5.24904e+05    8.62192e+04   -4.38685e+05   -4.35585e+05    3.01631e+02
 Pres. DC (bar) Pressure (bar)   Constr. rmsd
   -2.27123e+02    2.13758e+02    2.96543e-06

           Step           Time
          45000       90.00000

   Energies (kJ/mol)
           Bond          Angle    Proper Dih. Ryckaert-Bell.          LJ-14
    1.50171e+03    3.82407e+03    2.20933e+02    1.78756e+03    2.68028e+03
     Coulomb-14        LJ (SR)  Disper. corr.   Coulomb (SR)   Coul. recip.
    7.83875e+03    9.31785e+04   -4.56545e+03   -6.33500e+05    2.95019e+03
      Potential    Kinetic En.   Total Energy  Conserved En.    Temperature
   -5.24083e+05    8.62495e+04   -4.37834e+05   -4.34993e+05    3.01737e+02
 Pres. DC (bar) Pressure (bar)   Constr. rmsd
   -2.26082e+02    3.84434e+01    2.80312e-06

           Step           Time
          50000      100.00000

   Energies (kJ/mol)
           Bond          Angle    Proper Dih. Ryckaert-Bell.          LJ-14
    1.48143e+03    3.71280e+03    2.36214e+02    1.73991e+03    2.68811e+03
     Coulomb-14        LJ (SR)  Disper. corr.   Coulomb (SR)   Coul. recip.
    7.77273e+03    9.37583e+04   -4.51761e+03   -6.34720e+05    2.90959e+03
      Potential    Kinetic En.   Total Energy  Conserved En.    Temperature
   -5.24938e+05    8.59171e+04   -4.39021e+05   -4.34738e+05    3.00575e+02
 Pres. DC (bar) Pressure (bar)   Constr. rmsd
   -2.21374e+02   -8.04654e+01    2.80570e-06

           Step           Time
          55000      110.00000

   Energies (kJ/mol)
           Bond          Angle    Proper Dih. Ryckaert-Bell.          LJ-14
    1.41072e+03    3.67569e+03    2.53064e+02    1.75752e+03    2.58968e+03
     Coulomb-14        LJ (SR)  Disper. corr.   Coulomb (SR)   Coul. recip.
    7.75902e+03    9.36344e+04   -4.55610e+03   -6.34719e+05    2.93504e+03
      Potential    Kinetic En.   Total Energy  Conserved En.    Temperature
   -5.25260e+05    8.43913e+04   -4.40868e+05   -4.34399e+05    2.95237e+02
 Pres. DC (bar) Pressure (bar)   Constr. rmsd
   -2.25157e+02   -4.80644e+01    2.82437e-06

           Step           Time
          60000      120.00000

   Energies (kJ/mol)
           Bond          Angle    Proper Dih. Ryckaert-Bell.          LJ-14
    1.31849e+03    3.75109e+03    2.66351e+02    1.88258e+03    2.72848e+03
     Coulomb-14        LJ (SR)  Disper. corr.   Coulomb (SR)   Coul. recip.
    7.82535e+03    9.32882e+04   -4.56971e+03   -6.33473e+05    2.90839e+03
      Potential    Kinetic En.   Total Energy  Conserved En.    Temperature
   -5.24074e+05    8.60222e+04   -4.38051e+05   -4.34220e+05    3.00942e+02
 Pres. DC (bar) Pressure (bar)   Constr. rmsd
   -2.26503e+02    1.33995e+02    2.85266e-06

           Step           Time
          65000      130.00000

   Energies (kJ/mol)
           Bond          Angle    Proper Dih. Ryckaert-Bell.          LJ-14
    1.46310e+03    3.79216e+03    2.46260e+02    1.76943e+03    2.67743e+03
     Coulomb-14        LJ (SR)  Disper. corr.   Coulomb (SR)   Coul. recip.
    7.73226e+03    9.41235e+04   -4.55302e+03   -6.35391e+05    2.98520e+03
      Potential    Kinetic En.   Total Energy  Conserved En.    Temperature
   -5.25154e+05    8.52207e+04   -4.39934e+05   -4.33901e+05    2.98138e+02
 Pres. DC (bar) Pressure (bar)   Constr. rmsd
   -2.24854e+02    9.67852e+01    3.03182e-06

           Step           Time
          70000      140.00000

   Energies (kJ/mol)
           Bond          Angle    Proper Dih. Ryckaert-Bell.          LJ-14
    1.33833e+03    3.72615e+03    2.73884e+02    1.83393e+03    2.62783e+03
     Coulomb-14        LJ (SR)  Disper. corr.   Coulomb (SR)   Coul. recip.
    7.77832e+03    9.35295e+04   -4.57799e+03   -6.34424e+05    2.91524e+03
      Potential    Kinetic En.   Total Energy  Conserved En.    Temperature
   -5.24979e+05    8.46621e+04   -4.40317e+05   -4.33501e+05    2.96184e+02
 Pres. DC (bar) Pressure (bar)   Constr. rmsd
   -2.27324e+02    1.78942e+02    2.55287e-06

           Step           Time
          75000      150.00000

   Energies (kJ/mol)
           Bond          Angle    Proper Dih. Ryckaert-Bell.          LJ-14
    1.52394e+03    3.60963e+03    3.06353e+02    1.74169e+03    2.64829e+03
     Coulomb-14        LJ (SR)  Disper. corr.   Coulomb (SR)   Coul. recip.
    7.72940e+03    9.31722e+04   -4.54519e+03   -6.34217e+05    2.96640e+03
      Potential    Kinetic En.   Total Energy  Conserved En.    Temperature
   -5.25064e+05    8.61916e+04   -4.38873e+05   -4.33186e+05    3.01535e+02
 Pres. DC (bar) Pressure (bar)   Constr. rmsd
   -2.24082e+02   -1.81441e+02    3.01758e-06

           Step           Time
          80000      160.00000

   Energies (kJ/mol)
           Bond          Angle    Proper Dih. Ryckaert-Bell.          LJ-14
    1.45102e+03    3.65529e+03    3.03330e+02    1.84042e+03    2.73965e+03
     Coulomb-14        LJ (SR)  Disper. corr.   Coulomb (SR)   Coul. recip.
    7.79376e+03    9.33631e+04   -4.58087e+03   -6.34526e+05    2.98291e+03
      Potential    Kinetic En.   Total Energy  Conserved En.    Temperature
   -5.24978e+05    8.65400e+04   -4.38438e+05   -4.32886e+05    3.02754e+02
 Pres. DC (bar) Pressure (bar)   Constr. rmsd
   -2.27610e+02    5.61325e+01    2.94188e-06

           Step           Time
          85000      170.00000

   Energies (kJ/mol)
           Bond          Angle    Proper Dih. Ryckaert-Bell.          LJ-14
    1.51945e+03    3.94364e+03    2.47695e+02    1.67508e+03    2.57097e+03
     Coulomb-14        LJ (SR)  Disper. corr.   Coulomb (SR)   Coul. recip.
    7.72694e+03    9.27346e+04   -4.56274e+03   -6.32869e+05    2.95215e+03
      Potential    Kinetic En.   Total Energy  Conserved En.    Temperature
   -5.24062e+05    8.64588e+04   -4.37603e+05   -4.32515e+05    3.02470e+02
 Pres. DC (bar) Pressure (bar)   Constr. rmsd
   -2.25814e+02   -1.40614e+02    2.94127e-06

           Step           Time
          90000      180.00000

   Energies (kJ/mol)
           Bond          Angle    Proper Dih. Ryckaert-Bell.          LJ-14
    1.47470e+03    3.72581e+03    2.50273e+02    1.76355e+03    2.68877e+03
     Coulomb-14        LJ (SR)  Disper. corr.   Coulomb (SR)   Coul. recip.
    7.82989e+03    9.47807e+04   -4.58422e+03   -6.34913e+05    2.95914e+03
      Potential    Kinetic En.   Total Energy  Conserved En.    Temperature
   -5.24024e+05    8.66951e+04   -4.37329e+05   -4.32235e+05    3.03296e+02
 Pres. DC (bar) Pressure (bar)   Constr. rmsd
   -2.27942e+02    4.30584e+02    2.60664e-06

           Step           Time
          95000      190.00000

   Energies (kJ/mol)
           Bond          Angle    Proper Dih. Ryckaert-Bell.          LJ-14
    1.44646e+03    3.95221e+03    2.63548e+02    1.65367e+03    2.51495e+03
     Coulomb-14        LJ (SR)  Disper. corr.   Coulomb (SR)   Coul. recip.
    7.65855e+03    9.37758e+04   -4.56081e+03   -6.34506e+05    2.89275e+03
      Potential    Kinetic En.   Total Energy  Conserved En.    Temperature
   -5.24909e+05    8.59860e+04   -4.38923e+05   -4.31928e+05    3.00816e+02
 Pres. DC (bar) Pressure (bar)   Constr. rmsd
   -2.25623e+02   -2.53364e+01    2.72564e-06

           Step           Time
         100000      200.00000

   Energies (kJ/mol)
           Bond          Angle    Proper Dih. Ryckaert-Bell.          LJ-14
    1.53267e+03    3.73463e+03    2.64481e+02    1.81512e+03    2.57071e+03
     Coulomb-14        LJ (SR)  Disper. corr.   Coulomb (SR)   Coul. recip.
    7.65866e+03    9.31848e+04   -4.57012e+03   -6.33306e+05    2.90493e+03
      Potential    Kinetic En.   Total Energy  Conserved En.    Temperature
   -5.24210e+05    8.59745e+04   -4.38235e+05   -4.31618e+05    3.00775e+02
 Pres. DC (bar) Pressure (bar)   Constr. rmsd
   -2.26544e+02   -2.86952e+01    2.93607e-06

           Step           Time
         105000      210.00000

   Energies (kJ/mol)
           Bond          Angle    Proper Dih. Ryckaert-Bell.          LJ-14
    1.36668e+03    3.79716e+03    2.49537e+02    1.76812e+03    2.59635e+03
     Coulomb-14        LJ (SR)  Disper. corr.   Coulomb (SR)   Coul. recip.
    7.78314e+03    9.48952e+04   -4.56083e+03   -6.36650e+05    3.00302e+03
      Potential    Kinetic En.   Total Energy  Conserved En.    Temperature
   -5.25751e+05    8.52486e+04   -4.40503e+05   -4.31412e+05    2.98236e+02
 Pres. DC (bar) Pressure (bar)   Constr. rmsd
   -2.25625e+02    1.17314e+02    2.65719e-06

           Step           Time
         110000      220.00000

   Energies (kJ/mol)
           Bond          Angle    Proper Dih. Ryckaert-Bell.          LJ-14
    1.42716e+03    3.84285e+03    2.36354e+02    1.76295e+03    2.66954e+03
     Coulomb-14        LJ (SR)  Disper. corr.   Coulomb (SR)   Coul. recip.
    7.79680e+03    9.30653e+04   -4.53569e+03   -6.32862e+05    2.94225e+03
      Potential    Kinetic En.   Total Energy  Conserved En.    Temperature
   -5.23654e+05    8.54456e+04   -4.38208e+05   -4.31197e+05    2.98925e+02
 Pres. DC (bar) Pressure (bar)   Constr. rmsd
   -2.23148e+02   -7.59420e+01    3.02694e-06

           Step           Time
         115000      230.00000

   Energies (kJ/mol)
           Bond          Angle    Proper Dih. Ryckaert-Bell.          LJ-14
    1.49302e+03    3.59737e+03    2.56860e+02    1.80799e+03    2.67103e+03
     Coulomb-14        LJ (SR)  Disper. corr.   Coulomb (SR)   Coul. recip.
    7.84093e+03    9.27085e+04   -4.58452e+03   -6.33361e+05    2.91432e+03
      Potential    Kinetic En.   Total Energy  Conserved En.    Temperature
   -5.24656e+05    8.59749e+04   -4.38681e+05   -4.30741e+05    3.00777e+02
 Pres. DC (bar) Pressure (bar)   Constr. rmsd
   -2.27972e+02   -3.66420e+01    2.65111e-06

           Step           Time
         120000      240.00000

   Energies (kJ/mol)
           Bond          Angle    Proper Dih. Ryckaert-Bell.          LJ-14
    1.46279e+03    3.59591e+03    2.59697e+02    1.69740e+03    2.68846e+03
     Coulomb-14        LJ (SR)  Disper. corr.   Coulomb (SR)   Coul. recip.
    7.77027e+03    9.46543e+04   -4.54749e+03   -6.36358e+05    3.01810e+03
      Potential    Kinetic En.   Total Energy  Conserved En.    Temperature
   -5.25759e+05    8.61583e+04   -4.39601e+05   -4.30013e+05    3.01418e+02
 Pres. DC (bar) Pressure (bar)   Constr. rmsd
   -2.24309e+02    8.75622e+01    2.82925e-06

           Step           Time
         125000      250.00000

   Energies (kJ/mol)
           Bond          Angle    Proper Dih. Ryckaert-Bell.          LJ-14
    1.46438e+03    3.70935e+03    2.36443e+02    1.76299e+03    2.71180e+03
     Coulomb-14        LJ (SR)  Disper. corr.   Coulomb (SR)   Coul. recip.
    7.88639e+03    9.31459e+04   -4.55424e+03   -6.34134e+05    2.93866e+03
      Potential    Kinetic En.   Total Energy  Conserved En.    Temperature
   -5.24832e+05    8.56614e+04   -4.39171e+05   -4.29699e+05    2.99680e+02
 Pres. DC (bar) Pressure (bar)   Constr. rmsd
   -2.24974e+02   -2.96380e+01    2.73719e-06

           Step           Time
         130000      260.00000

   Energies (kJ/mol)
           Bond          Angle    Proper Dih. Ryckaert-Bell.          LJ-14
    1.45704e+03    3.88468e+03    2.35288e+02    1.75330e+03    2.58848e+03
     Coulomb-14        LJ (SR)  Disper. corr.   Coulomb (SR)   Coul. recip.
    7.73356e+03    9.42437e+04   -4.55600e+03   -6.36014e+05    2.95604e+03
      Potential    Kinetic En.   Total Energy  Conserved En.    Temperature
   -5.25718e+05    8.48839e+04   -4.40834e+05   -4.29203e+05    2.96960e+02
 Pres. DC (bar) Pressure (bar)   Constr. rmsd
   -2.25148e+02   -1.68896e+01    3.05289e-06

           Step           Time
         135000      270.00000

   Energies (kJ/mol)
           Bond          Angle    Proper Dih. Ryckaert-Bell.          LJ-14
    1.51422e+03    3.79876e+03    2.51545e+02    1.83986e+03    2.73652e+03
     Coulomb-14        LJ (SR)  Disper. corr.   Coulomb (SR)   Coul. recip.
    7.81897e+03    9.27543e+04   -4.52826e+03   -6.32562e+05    2.99757e+03
      Potential    Kinetic En.   Total Energy  Conserved En.    Temperature
   -5.23379e+05    8.59557e+04   -4.37423e+05   -4.28781e+05    3.00710e+02
 Pres. DC (bar) Pressure (bar)   Constr. rmsd
   -2.22418e+02   -9.95018e+01    3.10766e-06

           Step           Time
         140000      280.00000

   Energies (kJ/mol)
           Bond          Angle    Proper Dih. Ryckaert-Bell.          LJ-14
    1.47828e+03    3.71118e+03    2.40301e+02    1.79616e+03    2.63078e+03
     Coulomb-14        LJ (SR)  Disper. corr.   Coulomb (SR)   Coul. recip.
    7.73193e+03    9.28108e+04   -4.54659e+03   -6.34108e+05    2.91665e+03
      Potential    Kinetic En.   Total Energy  Conserved En.    Temperature
   -5.25339e+05    8.64643e+04   -4.38875e+05   -4.28231e+05    3.02489e+02
 Pres. DC (bar) Pressure (bar)   Constr. rmsd
   -2.24220e+02   -2.32123e+02    3.00952e-06

Writing checkpoint, step 143640 at Sat Oct  7 20:07:40 2023


           Step           Time
         145000      290.00000

   Energies (kJ/mol)
           Bond          Angle    Proper Dih. Ryckaert-Bell.          LJ-14
    1.42357e+03    3.61680e+03    2.18163e+02    1.73188e+03    2.70669e+03
     Coulomb-14        LJ (SR)  Disper. corr.   Coulomb (SR)   Coul. recip.
    7.70787e+03    9.45838e+04   -4.56617e+03   -6.36864e+05    2.98660e+03
      Potential    Kinetic En.   Total Energy  Conserved En.    Temperature
   -5.26455e+05    8.59492e+04   -4.40506e+05   -4.27968e+05    3.00687e+02
 Pres. DC (bar) Pressure (bar)   Constr. rmsd
   -2.26153e+02    1.62394e+02    2.73484e-06

           Step           Time
         150000      300.00000

   Energies (kJ/mol)
           Bond          Angle    Proper Dih. Ryckaert-Bell.          LJ-14
    1.56036e+03    3.84595e+03    3.02225e+02    1.77098e+03    2.63991e+03
     Coulomb-14        LJ (SR)  Disper. corr.   Coulomb (SR)   Coul. recip.
    7.60641e+03    9.44254e+04   -4.58448e+03   -6.35930e+05    2.94874e+03
      Potential    Kinetic En.   Total Energy  Conserved En.    Temperature
   -5.25414e+05    8.60766e+04   -4.39338e+05   -4.27428e+05    3.01133e+02
 Pres. DC (bar) Pressure (bar)   Constr. rmsd
   -2.27968e+02    2.13484e+02    2.73936e-06

           Step           Time
         155000      310.00000

   Energies (kJ/mol)
           Bond          Angle    Proper Dih. Ryckaert-Bell.          LJ-14
    1.46395e+03    3.83968e+03    2.68740e+02    1.72362e+03    2.67880e+03
     Coulomb-14        LJ (SR)  Disper. corr.   Coulomb (SR)   Coul. recip.
    7.75712e+03    9.45864e+04   -4.58957e+03   -6.35505e+05    2.87023e+03
      Potential    Kinetic En.   Total Energy  Conserved En.    Temperature
   -5.24906e+05    8.57883e+04   -4.39118e+05   -4.27137e+05    3.00124e+02
 Pres. DC (bar) Pressure (bar)   Constr. rmsd
   -2.28474e+02    2.09968e+02    2.85883e-06

           Step           Time
         160000      320.00000

   Energies (kJ/mol)
           Bond          Angle    Proper Dih. Ryckaert-Bell.          LJ-14
    1.48127e+03    3.80404e+03    2.58232e+02    1.74052e+03    2.68417e+03
     Coulomb-14        LJ (SR)  Disper. corr.   Coulomb (SR)   Coul. recip.
    7.84755e+03    9.35579e+04   -4.54857e+03   -6.33858e+05    2.93421e+03
      Potential    Kinetic En.   Total Energy  Conserved En.    Temperature
   -5.24099e+05    8.51361e+04   -4.38963e+05   -4.26936e+05    2.97842e+02
 Pres. DC (bar) Pressure (bar)   Constr. rmsd
   -2.24415e+02   -2.11596e+01    2.96178e-06

           Step           Time
         165000      330.00000

   Energies (kJ/mol)
           Bond          Angle    Proper Dih. Ryckaert-Bell.          LJ-14
    1.41923e+03    3.74322e+03    2.31076e+02    1.83631e+03    2.64230e+03
     Coulomb-14        LJ (SR)  Disper. corr.   Coulomb (SR)   Coul. recip.
    7.67676e+03    9.13841e+04   -4.53669e+03   -6.31103e+05    2.95972e+03
      Potential    Kinetic En.   Total Energy  Conserved En.    Temperature
   -5.23747e+05    8.45767e+04   -4.39171e+05   -4.26665e+05    2.95885e+02
 Pres. DC (bar) Pressure (bar)   Constr. rmsd
   -2.23245e+02   -5.08449e+02    2.76750e-06

           Step           Time
         170000      340.00000

   Energies (kJ/mol)
           Bond          Angle    Proper Dih. Ryckaert-Bell.          LJ-14
    1.57451e+03    3.83745e+03    2.50162e+02    1.82969e+03    2.66394e+03
     Coulomb-14        LJ (SR)  Disper. corr.   Coulomb (SR)   Coul. recip.
    7.78707e+03    9.41229e+04   -4.57267e+03   -6.35147e+05    2.90309e+03
      Potential    Kinetic En.   Total Energy  Conserved En.    Temperature
   -5.24751e+05    8.68056e+04   -4.37945e+05   -4.26311e+05    3.03683e+02
 Pres. DC (bar) Pressure (bar)   Constr. rmsd
   -2.26796e+02    2.19104e+02    3.05934e-06

           Step           Time
         175000      350.00000

   Energies (kJ/mol)
           Bond          Angle    Proper Dih. Ryckaert-Bell.          LJ-14
    1.47736e+03    3.92609e+03    2.60731e+02    1.75398e+03    2.66251e+03
     Coulomb-14        LJ (SR)  Disper. corr.   Coulomb (SR)   Coul. recip.
    7.79272e+03    9.30513e+04   -4.54110e+03   -6.33785e+05    2.83547e+03
      Potential    Kinetic En.   Total Energy  Conserved En.    Temperature
   -5.24566e+05    8.65161e+04   -4.38050e+05   -4.25823e+05    3.02670e+02
 Pres. DC (bar) Pressure (bar)   Constr. rmsd
   -2.23680e+02   -1.79238e+02    2.68251e-06

           Step           Time
         180000      360.00000

   Energies (kJ/mol)
           Bond          Angle    Proper Dih. Ryckaert-Bell.          LJ-14
    1.50465e+03    3.73670e+03    2.43445e+02    1.70258e+03    2.74345e+03
     Coulomb-14        LJ (SR)  Disper. corr.   Coulomb (SR)   Coul. recip.
    7.75967e+03    9.39042e+04   -4.53137e+03   -6.34662e+05    2.94995e+03
      Potential    Kinetic En.   Total Energy  Conserved En.    Temperature
   -5.24649e+05    8.52244e+04   -4.39425e+05   -4.25539e+05    2.98151e+02
 Pres. DC (bar) Pressure (bar)   Constr. rmsd
   -2.22723e+02    4.89190e+00    2.92399e-06

           Step           Time
         185000      370.00000

   Energies (kJ/mol)
           Bond          Angle    Proper Dih. Ryckaert-Bell.          LJ-14
    1.53565e+03    3.87193e+03    2.66094e+02    1.85232e+03    2.62205e+03
     Coulomb-14        LJ (SR)  Disper. corr.   Coulomb (SR)   Coul. recip.
    7.77751e+03    9.27781e+04   -4.54571e+03   -6.33504e+05    3.12640e+03
      Potential    Kinetic En.   Total Energy  Conserved En.    Temperature
   -5.24220e+05    8.56551e+04   -4.38565e+05   -4.25016e+05    2.99658e+02
 Pres. DC (bar) Pressure (bar)   Constr. rmsd
   -2.24133e+02   -1.29220e+02    3.01575e-06

           Step           Time
         190000      380.00000

   Energies (kJ/mol)
           Bond          Angle    Proper Dih. Ryckaert-Bell.          LJ-14
    1.55707e+03    3.68772e+03    2.42096e+02    1.75199e+03    2.60388e+03
     Coulomb-14        LJ (SR)  Disper. corr.   Coulomb (SR)   Coul. recip.
    7.78872e+03    9.32523e+04   -4.54661e+03   -6.33645e+05    2.95499e+03
      Potential    Kinetic En.   Total Energy  Conserved En.    Temperature
   -5.24352e+05    8.53281e+04   -4.39024e+05   -4.24579e+05    2.98514e+02
 Pres. DC (bar) Pressure (bar)   Constr. rmsd
   -2.24222e+02   -2.27648e+02    2.93515e-06

           Step           Time
         195000      390.00000

   Energies (kJ/mol)
           Bond          Angle    Proper Dih. Ryckaert-Bell.          LJ-14
    1.44435e+03    3.84126e+03    2.94463e+02    1.87228e+03    2.66747e+03
     Coulomb-14        LJ (SR)  Disper. corr.   Coulomb (SR)   Coul. recip.
    7.74345e+03    9.21013e+04   -4.53715e+03   -6.32063e+05    2.91552e+03
      Potential    Kinetic En.   Total Energy  Conserved En.    Temperature
   -5.23720e+05    8.61042e+04   -4.37616e+05   -4.24286e+05    3.01229e+02
 Pres. DC (bar) Pressure (bar)   Constr. rmsd
   -2.23291e+02   -2.69706e+02    2.84460e-06

           Step           Time
         200000      400.00000

   Energies (kJ/mol)
           Bond          Angle    Proper Dih. Ryckaert-Bell.          LJ-14
    1.37758e+03    3.75815e+03    2.46396e+02    1.79229e+03    2.72763e+03
     Coulomb-14        LJ (SR)  Disper. corr.   Coulomb (SR)   Coul. recip.
    7.82775e+03    9.20339e+04   -4.53270e+03   -6.32368e+05    2.98523e+03
      Potential    Kinetic En.   Total Energy  Conserved En.    Temperature
   -5.24152e+05    8.59086e+04   -4.38243e+05   -4.24021e+05    3.00545e+02
 Pres. DC (bar) Pressure (bar)   Constr. rmsd
   -2.22854e+02   -2.50292e+02    2.76083e-06

           Step           Time
         205000      410.00000

   Energies (kJ/mol)
           Bond          Angle    Proper Dih. Ryckaert-Bell.          LJ-14
    1.56275e+03    3.77300e+03    2.22465e+02    1.82824e+03    2.66521e+03
     Coulomb-14        LJ (SR)  Disper. corr.   Coulomb (SR)   Coul. recip.
    7.74123e+03    9.35401e+04   -4.54015e+03   -6.33780e+05    2.93286e+03
      Potential    Kinetic En.   Total Energy  Conserved En.    Temperature
   -5.24055e+05    8.58656e+04   -4.38189e+05   -4.23457e+05    3.00394e+02
 Pres. DC (bar) Pressure (bar)   Constr. rmsd
   -2.23586e+02   -3.07422e+01    2.89118e-06

           Step           Time
         210000      420.00000

   Energies (kJ/mol)
           Bond          Angle    Proper Dih. Ryckaert-Bell.          LJ-14
    1.60893e+03    3.81032e+03    2.66083e+02    1.77797e+03    2.63077e+03
     Coulomb-14        LJ (SR)  Disper. corr.   Coulomb (SR)   Coul. recip.
    7.71767e+03    9.42191e+04   -4.54867e+03   -6.35346e+05    3.02080e+03
      Potential    Kinetic En.   Total Energy  Conserved En.    Temperature
   -5.24843e+05    8.59497e+04   -4.38893e+05   -4.22775e+05    3.00689e+02
 Pres. DC (bar) Pressure (bar)   Constr. rmsd
   -2.24425e+02   -4.77274e+01    3.11323e-06

           Step           Time
         215000      430.00000

   Energies (kJ/mol)
           Bond          Angle    Proper Dih. Ryckaert-Bell.          LJ-14
    1.47516e+03    3.83826e+03    2.58380e+02    1.69960e+03    2.58382e+03
     Coulomb-14        LJ (SR)  Disper. corr.   Coulomb (SR)   Coul. recip.
    7.61750e+03    9.18725e+04   -4.54243e+03   -6.33069e+05    2.93891e+03
      Potential    Kinetic En.   Total Energy  Conserved En.    Temperature
   -5.25327e+05    8.48174e+04   -4.40510e+05   -4.22401e+05    2.96727e+02
 Pres. DC (bar) Pressure (bar)   Constr. rmsd
   -2.23811e+02   -4.97374e+02    2.97734e-06

           Step           Time
         220000      440.00000

   Energies (kJ/mol)
           Bond          Angle    Proper Dih. Ryckaert-Bell.          LJ-14
    1.40970e+03    3.86314e+03    2.43725e+02    1.79302e+03    2.69081e+03
     Coulomb-14        LJ (SR)  Disper. corr.   Coulomb (SR)   Coul. recip.
    7.66727e+03    9.30641e+04   -4.56510e+03   -6.33469e+05    2.95979e+03
      Potential    Kinetic En.   Total Energy  Conserved En.    Temperature
   -5.24342e+05    8.70245e+04   -4.37318e+05   -4.22206e+05    3.04449e+02
 Pres. DC (bar) Pressure (bar)   Constr. rmsd
   -2.26047e+02   -6.12084e+00    2.99145e-06

           Step           Time
         225000      450.00000

   Energies (kJ/mol)
           Bond          Angle    Proper Dih. Ryckaert-Bell.          LJ-14
    1.45941e+03    3.81800e+03    2.46643e+02    1.75683e+03    2.63861e+03
     Coulomb-14        LJ (SR)  Disper. corr.   Coulomb (SR)   Coul. recip.
    7.76652e+03    9.37627e+04   -4.53484e+03   -6.33134e+05    2.84984e+03
      Potential    Kinetic En.   Total Energy  Conserved En.    Temperature
   -5.23370e+05    8.56037e+04   -4.37766e+05   -4.21805e+05    2.99478e+02
 Pres. DC (bar) Pressure (bar)   Constr. rmsd
   -2.23064e+02    1.74262e+02    3.12331e-06

           Step           Time
         230000      460.00000

   Energies (kJ/mol)
           Bond          Angle    Proper Dih. Ryckaert-Bell.          LJ-14
    1.47045e+03    3.78474e+03    2.43629e+02    1.78359e+03    2.64599e+03
     Coulomb-14        LJ (SR)  Disper. corr.   Coulomb (SR)   Coul. recip.
    7.71922e+03    9.34688e+04   -4.54678e+03   -6.35238e+05    2.90989e+03
      Potential    Kinetic En.   Total Energy  Conserved En.    Temperature
   -5.25759e+05    8.63083e+04   -4.39450e+05   -4.21505e+05    3.01943e+02
 Pres. DC (bar) Pressure (bar)   Constr. rmsd
   -2.24238e+02   -1.00219e+02    2.99199e-06

           Step           Time
         235000      470.00000

   Energies (kJ/mol)
           Bond          Angle    Proper Dih. Ryckaert-Bell.          LJ-14
    1.44239e+03    3.91038e+03    2.56794e+02    1.65622e+03    2.70874e+03
     Coulomb-14        LJ (SR)  Disper. corr.   Coulomb (SR)   Coul. recip.
    7.69524e+03    9.22229e+04   -4.54578e+03   -6.32166e+05    2.97697e+03
      Potential    Kinetic En.   Total Energy  Conserved En.    Temperature
   -5.23842e+05    8.55037e+04   -4.38338e+05   -4.21246e+05    2.99128e+02
 Pres. DC (bar) Pressure (bar)   Constr. rmsd
   -2.24140e+02   -1.78247e+02    2.78204e-06

           Step           Time
         240000      480.00000

   Energies (kJ/mol)
           Bond          Angle    Proper Dih. Ryckaert-Bell.          LJ-14
    1.49547e+03    3.58302e+03    2.64796e+02    1.78526e+03    2.63220e+03
     Coulomb-14        LJ (SR)  Disper. corr.   Coulomb (SR)   Coul. recip.
    7.75077e+03    9.34150e+04   -4.55579e+03   -6.34777e+05    2.88614e+03
      Potential    Kinetic En.   Total Energy  Conserved En.    Temperature
   -5.25520e+05    8.53787e+04   -4.40141e+05   -4.20930e+05    2.98691e+02
 Pres. DC (bar) Pressure (bar)   Constr. rmsd
   -2.25127e+02   -1.17962e+02    2.83158e-06

           Step           Time
         245000      490.00000

   Energies (kJ/mol)
           Bond          Angle    Proper Dih. Ryckaert-Bell.          LJ-14
    1.48786e+03    3.77730e+03    2.28319e+02    1.75473e+03    2.59946e+03
     Coulomb-14        LJ (SR)  Disper. corr.   Coulomb (SR)   Coul. recip.
    7.78127e+03    9.24455e+04   -4.54755e+03   -6.33292e+05    2.91336e+03
      Potential    Kinetic En.   Total Energy  Conserved En.    Temperature
   -5.24852e+05    8.59598e+04   -4.38892e+05   -4.20472e+05    3.00724e+02
 Pres. DC (bar) Pressure (bar)   Constr. rmsd
   -2.24315e+02   -3.19365e+02    2.82557e-06

           Step           Time
         250000      500.00000

   Energies (kJ/mol)
           Bond          Angle    Proper Dih. Ryckaert-Bell.          LJ-14
    1.46083e+03    3.70409e+03    2.42086e+02    1.61775e+03    2.69047e+03
     Coulomb-14        LJ (SR)  Disper. corr.   Coulomb (SR)   Coul. recip.
    7.72694e+03    9.28373e+04   -4.57757e+03   -6.33843e+05    2.94407e+03
      Potential    Kinetic En.   Total Energy  Conserved En.    Temperature
   -5.25197e+05    8.50906e+04   -4.40107e+05   -4.20192e+05    2.97683e+02
 Pres. DC (bar) Pressure (bar)   Constr. rmsd
   -2.27282e+02   -1.51954e+02    2.99639e-06

           Step           Time
         255000      510.00000

   Energies (kJ/mol)
           Bond          Angle    Proper Dih. Ryckaert-Bell.          LJ-14
    1.54410e+03    3.71382e+03    2.58227e+02    1.76034e+03    2.65378e+03
     Coulomb-14        LJ (SR)  Disper. corr.   Coulomb (SR)   Coul. recip.
    7.74329e+03    9.38734e+04   -4.54503e+03   -6.35234e+05    2.90512e+03
      Potential    Kinetic En.   Total Energy  Conserved En.    Temperature
   -5.25327e+05    8.63777e+04   -4.38949e+05   -4.19550e+05    3.02186e+02
 Pres. DC (bar) Pressure (bar)   Constr. rmsd
   -2.24066e+02   -5.96785e-01    3.42337e-06

           Step           Time
         260000      520.00000

   Energies (kJ/mol)
           Bond          Angle    Proper Dih. Ryckaert-Bell.          LJ-14
    1.46523e+03    3.75135e+03    2.88015e+02    1.78916e+03    2.68557e+03
     Coulomb-14        LJ (SR)  Disper. corr.   Coulomb (SR)   Coul. recip.
    7.85112e+03    9.34084e+04   -4.56876e+03   -6.34546e+05    2.95513e+03
      Potential    Kinetic En.   Total Energy  Conserved En.    Temperature
   -5.24921e+05    8.61101e+04   -4.38811e+05   -4.19124e+05    3.01250e+02
 Pres. DC (bar) Pressure (bar)   Constr. rmsd
   -2.26409e+02   -4.57561e+00    2.51055e-06

           Step           Time
         265000      530.00000

   Energies (kJ/mol)
           Bond          Angle    Proper Dih. Ryckaert-Bell.          LJ-14
    1.43836e+03    3.96668e+03    2.20790e+02    1.63486e+03    2.62650e+03
     Coulomb-14        LJ (SR)  Disper. corr.   Coulomb (SR)   Coul. recip.
    7.62927e+03    9.32549e+04   -4.56554e+03   -6.34513e+05    2.97161e+03
      Potential    Kinetic En.   Total Energy  Conserved En.    Temperature
   -5.25335e+05    8.59385e+04   -4.39397e+05   -4.18624e+05    3.00649e+02
 Pres. DC (bar) Pressure (bar)   Constr. rmsd
   -2.26091e+02   -7.66356e+01    2.62682e-06

           Step           Time
         270000      540.00000

   Energies (kJ/mol)
           Bond          Angle    Proper Dih. Ryckaert-Bell.          LJ-14
    1.46361e+03    3.93383e+03    2.74302e+02    1.77078e+03    2.67641e+03
     Coulomb-14        LJ (SR)  Disper. corr.   Coulomb (SR)   Coul. recip.
    7.73671e+03    9.38904e+04   -4.56259e+03   -6.35946e+05    2.89348e+03
      Potential    Kinetic En.   Total Energy  Conserved En.    Temperature
   -5.25869e+05    8.65365e+04   -4.39333e+05   -4.18412e+05    3.02742e+02
 Pres. DC (bar) Pressure (bar)   Constr. rmsd
   -2.25799e+02    3.76625e+01    3.12426e-06

           Step           Time
         275000      550.00000

   Energies (kJ/mol)
           Bond          Angle    Proper Dih. Ryckaert-Bell.          LJ-14
    1.38954e+03    3.68094e+03    2.49475e+02    1.78495e+03    2.67277e+03
     Coulomb-14        LJ (SR)  Disper. corr.   Coulomb (SR)   Coul. recip.
    7.69759e+03    9.15761e+04   -4.56801e+03   -6.31495e+05    2.88716e+03
      Potential    Kinetic En.   Total Energy  Conserved En.    Temperature
   -5.24125e+05    8.63334e+04   -4.37791e+05   -4.18215e+05    3.02031e+02
 Pres. DC (bar) Pressure (bar)   Constr. rmsd
   -2.26335e+02   -1.09236e+02    2.90539e-06

           Step           Time
         280000      560.00000

   Energies (kJ/mol)
           Bond          Angle    Proper Dih. Ryckaert-Bell.          LJ-14
    1.45240e+03    3.87067e+03    2.44770e+02    1.77105e+03    2.57783e+03
     Coulomb-14        LJ (SR)  Disper. corr.   Coulomb (SR)   Coul. recip.
    7.70781e+03    9.32706e+04   -4.54113e+03   -6.32640e+05    2.98080e+03
      Potential    Kinetic En.   Total Energy  Conserved En.    Temperature
   -5.23305e+05    8.55622e+04   -4.37743e+05   -4.17838e+05    2.99333e+02
 Pres. DC (bar) Pressure (bar)   Constr. rmsd
   -2.23682e+02   -7.74752e+01    2.77424e-06

           Step           Time
         285000      570.00000

   Energies (kJ/mol)
           Bond          Angle    Proper Dih. Ryckaert-Bell.          LJ-14
    1.48407e+03    3.80878e+03    2.44780e+02    1.78251e+03    2.60774e+03
     Coulomb-14        LJ (SR)  Disper. corr.   Coulomb (SR)   Coul. recip.
    7.78239e+03    9.31172e+04   -4.54305e+03   -6.32615e+05    2.94259e+03
      Potential    Kinetic En.   Total Energy  Conserved En.    Temperature
   -5.23388e+05    8.65524e+04   -4.36835e+05   -4.17563e+05    3.02797e+02
 Pres. DC (bar) Pressure (bar)   Constr. rmsd
   -2.23871e+02   -1.24971e+02    3.13320e-06

Writing checkpoint, step 287160 at Sat Oct  7 20:22:40 2023


           Step           Time
         290000      580.00000

   Energies (kJ/mol)
           Bond          Angle    Proper Dih. Ryckaert-Bell.          LJ-14
    1.50662e+03    3.66917e+03    2.26552e+02    1.73677e+03    2.64651e+03
     Coulomb-14        LJ (SR)  Disper. corr.   Coulomb (SR)   Coul. recip.
    7.76989e+03    9.31959e+04   -4.54773e+03   -6.34523e+05    2.91563e+03
      Potential    Kinetic En.   Total Energy  Conserved En.    Temperature
   -5.25404e+05    8.56274e+04   -4.39776e+05   -4.17342e+05    2.99561e+02
 Pres. DC (bar) Pressure (bar)   Constr. rmsd
   -2.24333e+02   -9.25415e+01    2.73533e-06

           Step           Time
         295000      590.00000

   Energies (kJ/mol)
           Bond          Angle    Proper Dih. Ryckaert-Bell.          LJ-14
    1.46975e+03    3.75927e+03    2.23385e+02    1.65433e+03    2.52475e+03
     Coulomb-14        LJ (SR)  Disper. corr.   Coulomb (SR)   Coul. recip.
    7.65941e+03    9.34854e+04   -4.54135e+03   -6.33859e+05    2.96242e+03
      Potential    Kinetic En.   Total Energy  Conserved En.    Temperature
   -5.24662e+05    8.49357e+04   -4.39726e+05   -4.17116e+05    2.97141e+02
 Pres. DC (bar) Pressure (bar)   Constr. rmsd
   -2.23704e+02   -1.93943e+02    2.67277e-06

           Step           Time
         300000      600.00000

   Energies (kJ/mol)
           Bond          Angle    Proper Dih. Ryckaert-Bell.          LJ-14
    1.41007e+03    3.76921e+03    2.64993e+02    1.64200e+03    2.67479e+03
     Coulomb-14        LJ (SR)  Disper. corr.   Coulomb (SR)   Coul. recip.
    7.68016e+03    9.33600e+04   -4.55816e+03   -6.33938e+05    2.97012e+03
      Potential    Kinetic En.   Total Energy  Conserved En.    Temperature
   -5.24725e+05    8.54342e+04   -4.39290e+05   -4.16626e+05    2.98885e+02
 Pres. DC (bar) Pressure (bar)   Constr. rmsd
   -2.25361e+02    8.21402e+01    2.98502e-06

           Step           Time
         305000      610.00000

   Energies (kJ/mol)
           Bond          Angle    Proper Dih. Ryckaert-Bell.          LJ-14
    1.53609e+03    3.77261e+03    2.54918e+02    1.77855e+03    2.62179e+03
     Coulomb-14        LJ (SR)  Disper. corr.   Coulomb (SR)   Coul. recip.
    7.81004e+03    9.25273e+04   -4.54377e+03   -6.32794e+05    2.94361e+03
      Potential    Kinetic En.   Total Energy  Conserved En.    Temperature
   -5.24093e+05    8.57235e+04   -4.38369e+05   -4.16226e+05    2.99897e+02
 Pres. DC (bar) Pressure (bar)   Constr. rmsd
   -2.23942e+02   -2.46096e+02    3.02989e-06

           Step           Time
         310000      620.00000

   Energies (kJ/mol)
           Bond          Angle    Proper Dih. Ryckaert-Bell.          LJ-14
    1.52863e+03    3.74589e+03    2.58431e+02    1.79226e+03    2.78232e+03
     Coulomb-14        LJ (SR)  Disper. corr.   Coulomb (SR)   Coul. recip.
    7.82481e+03    9.37021e+04   -4.56435e+03   -6.35174e+05    2.95769e+03
      Potential    Kinetic En.   Total Energy  Conserved En.    Temperature
   -5.25147e+05    8.56416e+04   -4.39505e+05   -4.15948e+05    2.99611e+02
 Pres. DC (bar) Pressure (bar)   Constr. rmsd
   -2.25973e+02    1.42103e+02    2.59524e-06

           Step           Time
         315000      630.00000

   Energies (kJ/mol)
           Bond          Angle    Proper Dih. Ryckaert-Bell.          LJ-14
    1.52681e+03    3.75105e+03    2.02262e+02    1.75522e+03    2.70475e+03
     Coulomb-14        LJ (SR)  Disper. corr.   Coulomb (SR)   Coul. recip.
    7.80474e+03    9.34455e+04   -4.54747e+03   -6.33557e+05    2.98969e+03
      Potential    Kinetic En.   Total Energy  Conserved En.    Temperature
   -5.23925e+05    8.48246e+04   -4.39100e+05   -4.15778e+05    2.96752e+02
 Pres. DC (bar) Pressure (bar)   Constr. rmsd
   -2.24307e+02   -5.54447e+01    2.49044e-06

           Step           Time
         320000      640.00000

   Energies (kJ/mol)
           Bond          Angle    Proper Dih. Ryckaert-Bell.          LJ-14
    1.44895e+03    3.72648e+03    2.10869e+02    1.72461e+03    2.67133e+03
     Coulomb-14        LJ (SR)  Disper. corr.   Coulomb (SR)   Coul. recip.
    7.80840e+03    9.50243e+04   -4.58453e+03   -6.36856e+05    2.91668e+03
      Potential    Kinetic En.   Total Energy  Conserved En.    Temperature
   -5.25909e+05    8.51451e+04   -4.40764e+05   -4.15506e+05    2.97874e+02
 Pres. DC (bar) Pressure (bar)   Constr. rmsd
   -2.27973e+02    2.89103e+02    2.92476e-06

           Step           Time
         325000      650.00000

   Energies (kJ/mol)
           Bond          Angle    Proper Dih. Ryckaert-Bell.          LJ-14
    1.52267e+03    3.75588e+03    2.51821e+02    1.79672e+03    2.66403e+03
     Coulomb-14        LJ (SR)  Disper. corr.   Coulomb (SR)   Coul. recip.
    7.78085e+03    9.44924e+04   -4.56395e+03   -6.35914e+05    2.93647e+03
      Potential    Kinetic En.   Total Energy  Conserved En.    Temperature
   -5.25277e+05    8.61256e+04   -4.39151e+05   -4.15028e+05    3.01304e+02
 Pres. DC (bar) Pressure (bar)   Constr. rmsd
   -2.25934e+02    7.92021e+01    2.49297e-06

           Step           Time
         330000      660.00000

   Energies (kJ/mol)
           Bond          Angle    Proper Dih. Ryckaert-Bell.          LJ-14
    1.52204e+03    3.72370e+03    2.50182e+02    1.78119e+03    2.65570e+03
     Coulomb-14        LJ (SR)  Disper. corr.   Coulomb (SR)   Coul. recip.
    7.78420e+03    9.42191e+04   -4.56426e+03   -6.35920e+05    2.85880e+03
      Potential    Kinetic En.   Total Energy  Conserved En.    Temperature
   -5.25689e+05    8.60898e+04   -4.39599e+05   -4.14684e+05    3.01179e+02
 Pres. DC (bar) Pressure (bar)   Constr. rmsd
   -2.25964e+02   -1.93476e+01    2.90139e-06

           Step           Time
         335000      670.00000

   Energies (kJ/mol)
           Bond          Angle    Proper Dih. Ryckaert-Bell.          LJ-14
    1.47844e+03    3.96793e+03    2.67292e+02    1.70179e+03    2.67543e+03
     Coulomb-14        LJ (SR)  Disper. corr.   Coulomb (SR)   Coul. recip.
    7.73439e+03    9.31466e+04   -4.54820e+03   -6.33252e+05    2.94190e+03
      Potential    Kinetic En.   Total Energy  Conserved En.    Temperature
   -5.23886e+05    8.57088e+04   -4.38177e+05   -4.14352e+05    2.99846e+02
 Pres. DC (bar) Pressure (bar)   Constr. rmsd
   -2.24378e+02   -9.21770e+01    2.55826e-06

           Step           Time
         340000      680.00000

   Energies (kJ/mol)
           Bond          Angle    Proper Dih. Ryckaert-Bell.          LJ-14
    1.51396e+03    3.71666e+03    2.27840e+02    1.72299e+03    2.66468e+03
     Coulomb-14        LJ (SR)  Disper. corr.   Coulomb (SR)   Coul. recip.
    7.67711e+03    9.42615e+04   -4.56117e+03   -6.35713e+05    2.88110e+03
      Potential    Kinetic En.   Total Energy  Conserved En.    Temperature
   -5.25608e+05    8.64391e+04   -4.39169e+05   -4.14140e+05    3.02401e+02
 Pres. DC (bar) Pressure (bar)   Constr. rmsd
   -2.25659e+02    6.64383e+01    2.93374e-06

           Step           Time
         345000      690.00000

   Energies (kJ/mol)
           Bond          Angle    Proper Dih. Ryckaert-Bell.          LJ-14
    1.42103e+03    3.95519e+03    2.39757e+02    1.81779e+03    2.62806e+03
     Coulomb-14        LJ (SR)  Disper. corr.   Coulomb (SR)   Coul. recip.
    7.72321e+03    9.20497e+04   -4.50703e+03   -6.31656e+05    2.97728e+03
      Potential    Kinetic En.   Total Energy  Conserved En.    Temperature
   -5.23351e+05    8.62343e+04   -4.37116e+05   -4.13345e+05    3.01684e+02
 Pres. DC (bar) Pressure (bar)   Constr. rmsd
   -2.20339e+02   -3.80753e+02    3.02158e-06

           Step           Time
         350000      700.00000

   Energies (kJ/mol)
           Bond          Angle    Proper Dih. Ryckaert-Bell.          LJ-14
    1.51823e+03    3.88848e+03    2.67872e+02    1.78963e+03    2.58494e+03
     Coulomb-14        LJ (SR)  Disper. corr.   Coulomb (SR)   Coul. recip.
    7.78736e+03    9.31640e+04   -4.56462e+03   -6.33469e+05    2.92856e+03
      Potential    Kinetic En.   Total Energy  Conserved En.    Temperature
   -5.24105e+05    8.54406e+04   -4.38664e+05   -4.12461e+05    2.98908e+02
 Pres. DC (bar) Pressure (bar)   Constr. rmsd
   -2.26000e+02   -1.41764e+02    2.99248e-06

           Step           Time
         355000      710.00000

   Energies (kJ/mol)
           Bond          Angle    Proper Dih. Ryckaert-Bell.          LJ-14
    1.50571e+03    3.65290e+03    2.48258e+02    1.76994e+03    2.72738e+03
     Coulomb-14        LJ (SR)  Disper. corr.   Coulomb (SR)   Coul. recip.
    7.79793e+03    9.43196e+04   -4.58376e+03   -6.36435e+05    2.84080e+03
      Potential    Kinetic En.   Total Energy  Conserved En.    Temperature
   -5.26156e+05    8.54478e+04   -4.40709e+05   -4.12177e+05    2.98933e+02
 Pres. DC (bar) Pressure (bar)   Constr. rmsd
   -2.27896e+02    2.83785e+02    2.32034e-06

           Step           Time
         360000      720.00000

   Energies (kJ/mol)
           Bond          Angle    Proper Dih. Ryckaert-Bell.          LJ-14
    1.39635e+03    3.67079e+03    2.74107e+02    1.70794e+03    2.71802e+03
     Coulomb-14        LJ (SR)  Disper. corr.   Coulomb (SR)   Coul. recip.
    7.80221e+03    9.35468e+04   -4.53357e+03   -6.34564e+05    2.98566e+03
      Potential    Kinetic En.   Total Energy  Conserved En.    Temperature
   -5.24996e+05    8.57768e+04   -4.39219e+05   -4.11939e+05    3.00084e+02
 Pres. DC (bar) Pressure (bar)   Constr. rmsd
   -2.22939e+02   -1.75800e+02    2.84469e-06

           Step           Time
         365000      730.00000

   Energies (kJ/mol)
           Bond          Angle    Proper Dih. Ryckaert-Bell.          LJ-14
    1.50785e+03    3.86851e+03    2.70560e+02    1.72971e+03    2.71060e+03
     Coulomb-14        LJ (SR)  Disper. corr.   Coulomb (SR)   Coul. recip.
    7.77764e+03    9.17752e+04   -4.53800e+03   -6.31582e+05    2.98090e+03
      Potential    Kinetic En.   Total Energy  Conserved En.    Temperature
   -5.23499e+05    8.59517e+04   -4.37547e+05   -4.11455e+05    3.00696e+02
 Pres. DC (bar) Pressure (bar)   Constr. rmsd
   -2.23375e+02   -1.98731e+02    2.99987e-06

           Step           Time
         370000      740.00000

   Energies (kJ/mol)
           Bond          Angle    Proper Dih. Ryckaert-Bell.          LJ-14
    1.59302e+03    3.77737e+03    2.43257e+02    1.77247e+03    2.57543e+03
     Coulomb-14        LJ (SR)  Disper. corr.   Coulomb (SR)   Coul. recip.
    7.74585e+03    9.19390e+04   -4.56406e+03   -6.32010e+05    2.92264e+03
      Potential    Kinetic En.   Total Energy  Conserved En.    Temperature
   -5.24005e+05    8.54225e+04   -4.38583e+05   -4.11212e+05    2.98844e+02
 Pres. DC (bar) Pressure (bar)   Constr. rmsd
   -2.25944e+02   -1.76978e+02    2.58072e-06

           Step           Time
         375000      750.00000

   Energies (kJ/mol)
           Bond          Angle    Proper Dih. Ryckaert-Bell.          LJ-14
    1.40189e+03    3.92912e+03    2.38916e+02    1.84646e+03    2.67251e+03
     Coulomb-14        LJ (SR)  Disper. corr.   Coulomb (SR)   Coul. recip.
    7.78657e+03    9.16852e+04   -4.51989e+03   -6.31102e+05    2.96006e+03
      Potential    Kinetic En.   Total Energy  Conserved En.    Temperature
   -5.23101e+05    8.59894e+04   -4.37112e+05   -4.10947e+05    3.00828e+02
 Pres. DC (bar) Pressure (bar)   Constr. rmsd
   -2.21597e+02   -3.35272e+02    2.94499e-06

           Step           Time
         380000      760.00000

   Energies (kJ/mol)
           Bond          Angle    Proper Dih. Ryckaert-Bell.          LJ-14
    1.42189e+03    3.76183e+03    2.63468e+02    1.76978e+03    2.64852e+03
     Coulomb-14        LJ (SR)  Disper. corr.   Coulomb (SR)   Coul. recip.
    7.75590e+03    9.38685e+04   -4.56269e+03   -6.35397e+05    2.95291e+03
      Potential    Kinetic En.   Total Energy  Conserved En.    Temperature
   -5.25517e+05    8.63180e+04   -4.39199e+05   -4.10596e+05    3.01977e+02
 Pres. DC (bar) Pressure (bar)   Constr. rmsd
   -2.25809e+02    6.34304e+01    2.56146e-06

           Step           Time
         385000      770.00000

   Energies (kJ/mol)
           Bond          Angle    Proper Dih. Ryckaert-Bell.          LJ-14
    1.49673e+03    3.78227e+03    2.45385e+02    1.78979e+03    2.61139e+03
     Coulomb-14        LJ (SR)  Disper. corr.   Coulomb (SR)   Coul. recip.
    7.67583e+03    9.26024e+04   -4.55929e+03   -6.32372e+05    2.90022e+03
      Potential    Kinetic En.   Total Energy  Conserved En.    Temperature
   -5.23827e+05    8.56719e+04   -4.38155e+05   -4.10267e+05    2.99717e+02
 Pres. DC (bar) Pressure (bar)   Constr. rmsd
   -2.25472e+02   -2.07179e+02    3.13766e-06

           Step           Time
         390000      780.00000

   Energies (kJ/mol)
           Bond          Angle    Proper Dih. Ryckaert-Bell.          LJ-14
    1.40727e+03    3.81718e+03    2.07207e+02    1.78829e+03    2.66300e+03
     Coulomb-14        LJ (SR)  Disper. corr.   Coulomb (SR)   Coul. recip.
    7.79327e+03    9.28416e+04   -4.54466e+03   -6.33148e+05    2.91607e+03
      Potential    Kinetic En.   Total Energy  Conserved En.    Temperature
   -5.24259e+05    8.59518e+04   -4.38307e+05   -4.09989e+05    3.00696e+02
 Pres. DC (bar) Pressure (bar)   Constr. rmsd
   -2.24030e+02   -1.35942e+02    2.79869e-06

           Step           Time
         395000      790.00000

   Energies (kJ/mol)
           Bond          Angle    Proper Dih. Ryckaert-Bell.          LJ-14
    1.38888e+03    3.89968e+03    2.59292e+02    1.79412e+03    2.67085e+03
     Coulomb-14        LJ (SR)  Disper. corr.   Coulomb (SR)   Coul. recip.
    7.74098e+03    9.12812e+04   -4.57572e+03   -6.31128e+05    2.88294e+03
      Potential    Kinetic En.   Total Energy  Conserved En.    Temperature
   -5.23786e+05    8.57691e+04   -4.38017e+05   -4.09726e+05    3.00057e+02
 Pres. DC (bar) Pressure (bar)   Constr. rmsd
   -2.27099e+02   -2.62374e+02    2.72313e-06

           Step           Time
         400000      800.00000

   Energies (kJ/mol)
           Bond          Angle    Proper Dih. Ryckaert-Bell.          LJ-14
    1.41925e+03    3.86941e+03    2.65596e+02    1.82669e+03    2.68083e+03
     Coulomb-14        LJ (SR)  Disper. corr.   Coulomb (SR)   Coul. recip.
    7.83429e+03    9.27500e+04   -4.55183e+03   -6.34598e+05    2.91026e+03
      Potential    Kinetic En.   Total Energy  Conserved En.    Temperature
   -5.25594e+05    8.54809e+04   -4.40113e+05   -4.09309e+05    2.99049e+02
 Pres. DC (bar) Pressure (bar)   Constr. rmsd
   -2.24736e+02   -8.85036e+01    2.56519e-06

           Step           Time
         405000      810.00000

   Energies (kJ/mol)
           Bond          Angle    Proper Dih. Ryckaert-Bell.          LJ-14
    1.44740e+03    3.73161e+03    2.71451e+02    1.87067e+03    2.57178e+03
     Coulomb-14        LJ (SR)  Disper. corr.   Coulomb (SR)   Coul. recip.
    7.78364e+03    9.32780e+04   -4.55389e+03   -6.33541e+05    2.98772e+03
      Potential    Kinetic En.   Total Energy  Conserved En.    Temperature
   -5.24152e+05    8.55435e+04   -4.38609e+05   -4.08990e+05    2.99267e+02
 Pres. DC (bar) Pressure (bar)   Constr. rmsd
   -2.24939e+02   -1.47449e+02    3.06142e-06

           Step           Time
         410000      820.00000

   Energies (kJ/mol)
           Bond          Angle    Proper Dih. Ryckaert-Bell.          LJ-14
    1.40616e+03    3.75275e+03    2.66500e+02    1.71534e+03    2.63485e+03
     Coulomb-14        LJ (SR)  Disper. corr.   Coulomb (SR)   Coul. recip.
    7.71168e+03    9.43389e+04   -4.55514e+03   -6.35120e+05    2.94396e+03
      Potential    Kinetic En.   Total Energy  Conserved En.    Temperature
   -5.24905e+05    8.60302e+04   -4.38875e+05   -4.08336e+05    3.00970e+02
 Pres. DC (bar) Pressure (bar)   Constr. rmsd
   -2.25063e+02    1.63948e+02    2.88364e-06

           Step           Time
         415000      830.00000

   Energies (kJ/mol)
           Bond          Angle    Proper Dih. Ryckaert-Bell.          LJ-14
    1.49587e+03    3.89326e+03    2.42907e+02    1.77857e+03    2.68904e+03
     Coulomb-14        LJ (SR)  Disper. corr.   Coulomb (SR)   Coul. recip.
    7.77925e+03    9.42185e+04   -4.56668e+03   -6.35027e+05    2.93130e+03
      Potential    Kinetic En.   Total Energy  Conserved En.    Temperature
   -5.24565e+05    8.63876e+04   -4.38178e+05   -4.08050e+05    3.02221e+02
 Pres. DC (bar) Pressure (bar)   Constr. rmsd
   -2.26204e+02    2.30202e+02    2.82701e-06

           Step           Time
         420000      840.00000

   Energies (kJ/mol)
           Bond          Angle    Proper Dih. Ryckaert-Bell.          LJ-14
    1.57505e+03    3.70533e+03    2.47343e+02    1.69862e+03    2.69609e+03
     Coulomb-14        LJ (SR)  Disper. corr.   Coulomb (SR)   Coul. recip.
    7.85196e+03    9.48238e+04   -4.57183e+03   -6.36606e+05    2.87613e+03
      Potential    Kinetic En.   Total Energy  Conserved En.    Temperature
   -5.25703e+05    8.52945e+04   -4.40409e+05   -4.07840e+05    2.98396e+02
 Pres. DC (bar) Pressure (bar)   Constr. rmsd
   -2.26713e+02    1.67663e+02    3.04565e-06

           Step           Time
         425000      850.00000

   Energies (kJ/mol)
           Bond          Angle    Proper Dih. Ryckaert-Bell.          LJ-14
    1.43133e+03    3.80448e+03    2.33593e+02    1.74710e+03    2.62328e+03
     Coulomb-14        LJ (SR)  Disper. corr.   Coulomb (SR)   Coul. recip.
    7.74009e+03    9.46058e+04   -4.57292e+03   -6.36093e+05    2.88303e+03
      Potential    Kinetic En.   Total Energy  Conserved En.    Temperature
   -5.25598e+05    8.44195e+04   -4.41178e+05   -4.07396e+05    2.95335e+02
 Pres. DC (bar) Pressure (bar)   Constr. rmsd
   -2.26821e+02    2.06266e+02    2.67419e-06

           Step           Time
         430000      860.00000

   Energies (kJ/mol)
           Bond          Angle    Proper Dih. Ryckaert-Bell.          LJ-14
    1.53809e+03    3.86006e+03    2.60442e+02    1.59539e+03    2.54919e+03
     Coulomb-14        LJ (SR)  Disper. corr.   Coulomb (SR)   Coul. recip.
    7.73687e+03    9.41987e+04   -4.53803e+03   -6.35112e+05    2.96081e+03
      Potential    Kinetic En.   Total Energy  Conserved En.    Temperature
   -5.24950e+05    8.61661e+04   -4.38784e+05   -4.07195e+05    3.01446e+02
 Pres. DC (bar) Pressure (bar)   Constr. rmsd
   -2.23378e+02   -8.61931e+01    2.97448e-06

Writing checkpoint, step 430680 at Sat Oct  7 20:37:40 2023


           Step           Time
         435000      870.00000

   Energies (kJ/mol)
           Bond          Angle    Proper Dih. Ryckaert-Bell.          LJ-14
    1.29034e+03    3.80914e+03    2.73486e+02    1.69108e+03    2.73497e+03
     Coulomb-14        LJ (SR)  Disper. corr.   Coulomb (SR)   Coul. recip.
    7.69343e+03    9.43462e+04   -4.56360e+03   -6.35384e+05    2.92944e+03
      Potential    Kinetic En.   Total Energy  Conserved En.    Temperature
   -5.25180e+05    8.57038e+04   -4.39476e+05   -4.06901e+05    2.99828e+02
 Pres. DC (bar) Pressure (bar)   Constr. rmsd
   -2.25899e+02    2.07968e+02    2.96865e-06

           Step           Time
         440000      880.00000

   Energies (kJ/mol)
           Bond          Angle    Proper Dih. Ryckaert-Bell.          LJ-14
    1.54083e+03    3.81556e+03    2.24586e+02    1.82467e+03    2.66148e+03
     Coulomb-14        LJ (SR)  Disper. corr.   Coulomb (SR)   Coul. recip.
    7.81444e+03    9.40003e+04   -4.55988e+03   -6.34895e+05    2.97947e+03
      Potential    Kinetic En.   Total Energy  Conserved En.    Temperature
   -5.24593e+05    8.60020e+04   -4.38592e+05   -4.06474e+05    3.00871e+02
 Pres. DC (bar) Pressure (bar)   Constr. rmsd
   -2.25531e+02    7.96985e+01    2.79739e-06

           Step           Time
         445000      890.00000

   Energies (kJ/mol)
           Bond          Angle    Proper Dih. Ryckaert-Bell.          LJ-14
    1.45616e+03    3.80775e+03    2.46485e+02    1.77185e+03    2.62854e+03
     Coulomb-14        LJ (SR)  Disper. corr.   Coulomb (SR)   Coul. recip.
    7.63403e+03    9.34757e+04   -4.55545e+03   -6.33758e+05    2.93481e+03
      Potential    Kinetic En.   Total Energy  Conserved En.    Temperature
   -5.24358e+05    8.66235e+04   -4.37735e+05   -4.06228e+05    3.03046e+02
 Pres. DC (bar) Pressure (bar)   Constr. rmsd
   -2.25094e+02   -2.40902e+01    2.82729e-06

           Step           Time
         450000      900.00000

   Energies (kJ/mol)
           Bond          Angle    Proper Dih. Ryckaert-Bell.          LJ-14
    1.55170e+03    3.59486e+03    2.28282e+02    1.61893e+03    2.70031e+03
     Coulomb-14        LJ (SR)  Disper. corr.   Coulomb (SR)   Coul. recip.
    7.69853e+03    9.61277e+04   -4.62434e+03   -6.37766e+05    2.88347e+03
      Potential    Kinetic En.   Total Energy  Conserved En.    Temperature
   -5.25987e+05    8.51829e+04   -4.40804e+05   -4.05725e+05    2.98006e+02
 Pres. DC (bar) Pressure (bar)   Constr. rmsd
   -2.31945e+02    5.97238e+02    2.72375e-06

           Step           Time
         455000      910.00000

   Energies (kJ/mol)
           Bond          Angle    Proper Dih. Ryckaert-Bell.          LJ-14
    1.60785e+03    3.66295e+03    2.27381e+02    1.72469e+03    2.64932e+03
     Coulomb-14        LJ (SR)  Disper. corr.   Coulomb (SR)   Coul. recip.
    7.73791e+03    9.37515e+04   -4.54514e+03   -6.34676e+05    2.95372e+03
      Potential    Kinetic En.   Total Energy  Conserved En.    Temperature
   -5.24906e+05    8.59668e+04   -4.38939e+05   -4.05102e+05    3.00749e+02
 Pres. DC (bar) Pressure (bar)   Constr. rmsd
   -2.24078e+02   -1.73771e+02    3.09190e-06

           Step           Time
         460000      920.00000

   Energies (kJ/mol)
           Bond          Angle    Proper Dih. Ryckaert-Bell.          LJ-14
    1.44415e+03    3.95198e+03    2.09454e+02    1.74330e+03    2.64924e+03
     Coulomb-14        LJ (SR)  Disper. corr.   Coulomb (SR)   Coul. recip.
    7.80091e+03    9.30212e+04   -4.55226e+03   -6.33980e+05    2.89963e+03
      Potential    Kinetic En.   Total Energy  Conserved En.    Temperature
   -5.24813e+05    8.53979e+04   -4.39415e+05   -4.04796e+05    2.98758e+02
 Pres. DC (bar) Pressure (bar)   Constr. rmsd
   -2.24779e+02   -1.46915e+01    2.63811e-06

           Step           Time
         465000      930.00000

   Energies (kJ/mol)
           Bond          Angle    Proper Dih. Ryckaert-Bell.          LJ-14
    1.33853e+03    3.71920e+03    2.38469e+02    1.77380e+03    2.79890e+03
     Coulomb-14        LJ (SR)  Disper. corr.   Coulomb (SR)   Coul. recip.
    7.86832e+03    9.40723e+04   -4.57478e+03   -6.34772e+05    2.98983e+03
      Potential    Kinetic En.   Total Energy  Conserved En.    Temperature
   -5.24547e+05    8.54342e+04   -4.39113e+05   -4.04277e+05    2.98885e+02
 Pres. DC (bar) Pressure (bar)   Constr. rmsd
   -2.27006e+02    3.16059e+02    3.14614e-06

           Step           Time
         470000      940.00000

   Energies (kJ/mol)
           Bond          Angle    Proper Dih. Ryckaert-Bell.          LJ-14
    1.48667e+03    3.68275e+03    2.59349e+02    1.76079e+03    2.70964e+03
     Coulomb-14        LJ (SR)  Disper. corr.   Coulomb (SR)   Coul. recip.
    7.79162e+03    9.38498e+04   -4.55640e+03   -6.34609e+05    2.89250e+03
      Potential    Kinetic En.   Total Energy  Conserved En.    Temperature
   -5.24732e+05    8.54573e+04   -4.39275e+05   -4.03917e+05    2.98966e+02
 Pres. DC (bar) Pressure (bar)   Constr. rmsd
   -2.25187e+02    3.50217e+01    2.63168e-06

           Step           Time
         475000      950.00000

   Energies (kJ/mol)
           Bond          Angle    Proper Dih. Ryckaert-Bell.          LJ-14
    1.37736e+03    3.89539e+03    2.59406e+02    1.69345e+03    2.70966e+03
     Coulomb-14        LJ (SR)  Disper. corr.   Coulomb (SR)   Coul. recip.
    7.81488e+03    9.49154e+04   -4.58251e+03   -6.38013e+05    2.86342e+03
      Potential    Kinetic En.   Total Energy  Conserved En.    Temperature
   -5.27067e+05    8.53292e+04   -4.41738e+05   -4.03704e+05    2.98518e+02
 Pres. DC (bar) Pressure (bar)   Constr. rmsd
   -2.27772e+02    1.50752e+02    2.69653e-06

           Step           Time
         480000      960.00000

   Energies (kJ/mol)
           Bond          Angle    Proper Dih. Ryckaert-Bell.          LJ-14
    1.56736e+03    3.72715e+03    2.65619e+02    1.70453e+03    2.63188e+03
     Coulomb-14        LJ (SR)  Disper. corr.   Coulomb (SR)   Coul. recip.
    7.74383e+03    9.38573e+04   -4.56095e+03   -6.34832e+05    2.97612e+03
      Potential    Kinetic En.   Total Energy  Conserved En.    Temperature
   -5.24920e+05    8.57300e+04   -4.39189e+05   -4.03278e+05    2.99920e+02
 Pres. DC (bar) Pressure (bar)   Constr. rmsd
   -2.25637e+02   -1.60283e+00    2.76821e-06

           Step           Time
         485000      970.00000

   Energies (kJ/mol)
           Bond          Angle    Proper Dih. Ryckaert-Bell.          LJ-14
    1.47721e+03    3.65409e+03    2.49487e+02    1.70965e+03    2.60947e+03
     Coulomb-14        LJ (SR)  Disper. corr.   Coulomb (SR)   Coul. recip.
    7.66422e+03    9.30989e+04   -4.56309e+03   -6.33964e+05    2.92482e+03
      Potential    Kinetic En.   Total Energy  Conserved En.    Temperature
   -5.25139e+05    8.56413e+04   -4.39498e+05   -4.03080e+05    2.99610e+02
 Pres. DC (bar) Pressure (bar)   Constr. rmsd
   -2.25849e+02   -1.36202e+02    2.87866e-06

           Step           Time
         490000      980.00000

   Energies (kJ/mol)
           Bond          Angle    Proper Dih. Ryckaert-Bell.          LJ-14
    1.51980e+03    3.66368e+03    2.58833e+02    1.73549e+03    2.69621e+03
     Coulomb-14        LJ (SR)  Disper. corr.   Coulomb (SR)   Coul. recip.
    7.85341e+03    9.14237e+04   -4.52072e+03   -6.31249e+05    2.97782e+03
      Potential    Kinetic En.   Total Energy  Conserved En.    Temperature
   -5.23641e+05    8.57664e+04   -4.37874e+05   -4.02705e+05    3.00047e+02
 Pres. DC (bar) Pressure (bar)   Constr. rmsd
   -2.21679e+02   -4.73379e+02    3.03736e-06

           Step           Time
         495000      990.00000

   Energies (kJ/mol)
           Bond          Angle    Proper Dih. Ryckaert-Bell.          LJ-14
    1.49070e+03    3.68448e+03    2.53249e+02    1.73381e+03    2.68844e+03
     Coulomb-14        LJ (SR)  Disper. corr.   Coulomb (SR)   Coul. recip.
    7.73250e+03    9.43179e+04   -4.56369e+03   -6.35900e+05    2.95354e+03
      Potential    Kinetic En.   Total Energy  Conserved En.    Temperature
   -5.25609e+05    8.52672e+04   -4.40342e+05   -4.02184e+05    2.98301e+02
 Pres. DC (bar) Pressure (bar)   Constr. rmsd
   -2.25908e+02    1.23464e+02    2.96861e-06

           Step           Time
         500000     1000.00000

Writing checkpoint, step 500000 at Sat Oct  7 20:44:57 2023


   Energies (kJ/mol)
           Bond          Angle    Proper Dih. Ryckaert-Bell.          LJ-14
    1.48943e+03    3.85435e+03    2.38302e+02    1.79645e+03    2.63939e+03
     Coulomb-14        LJ (SR)  Disper. corr.   Coulomb (SR)   Coul. recip.
    7.75138e+03    9.27582e+04   -4.53517e+03   -6.33855e+05    3.00238e+03
      Potential    Kinetic En.   Total Energy  Conserved En.    Temperature
   -5.24861e+05    8.56369e+04   -4.39224e+05   -4.01822e+05    2.99594e+02
 Pres. DC (bar) Pressure (bar)   Constr. rmsd
   -2.23096e+02   -3.00831e+02    2.79807e-06


Energy conservation over simulation part #1 of length 1000 ps, time 0 to 1000 ps
  Conserved energy drift: 1.08e-03 kJ/mol/ps per atom


	<======  ###############  ==>
	<====  A V E R A G E S  ====>
	<==  ###############  ======>

	Statistics over 500001 steps using 5001 frames

   Energies (kJ/mol)
           Bond          Angle    Proper Dih. Ryckaert-Bell.          LJ-14
    1.46976e+03    3.77739e+03    2.51053e+02    1.75691e+03    2.65965e+03
     Coulomb-14        LJ (SR)  Disper. corr.   Coulomb (SR)   Coul. recip.
    7.75483e+03    9.36247e+04   -4.55778e+03   -6.34603e+05    2.93460e+03
      Potential    Kinetic En.   Total Energy  Conserved En.    Temperature
   -5.24932e+05    8.57415e+04   -4.39191e+05   -4.20233e+05    2.99960e+02
 Pres. DC (bar) Pressure (bar)   Constr. rmsd
   -2.25328e+02    1.48571e+00    0.00000e+00

          Box-X          Box-Y          Box-Z
    6.95406e+00    6.95406e+00    6.95406e+00

   Total Virial (kJ/mol)
    2.85625e+04   -2.48755e+01    5.31092e+01
   -2.48999e+01    2.86033e+04   -1.01313e+01
    5.30120e+01   -1.01989e+01    2.85485e+04

   Pressure (bar)
    3.49188e+00    1.86089e+00   -4.52350e+00
    1.86329e+00   -9.70524e-01    4.84382e-01
   -4.51390e+00    4.91065e-01    1.93578e+00

      T-Protein  T-non-Protein
    2.99993e+02    2.99958e+02


	M E G A - F L O P S   A C C O U N T I N G

 NB=Group-cutoff nonbonded kernels    NxN=N-by-N cluster Verlet kernels
 RF=Reaction-Field  VdW=Van der Waals  QSTab=quadratic-spline table
 W3=SPC/TIP3p  W4=TIP4p (single or pairs)
 V&F=Potential and force  V=Potential only  F=Force only

 Computing:                               M-Number         M-Flops  % Flops
-----------------------------------------------------------------------------
 Pair Search distance check          147761.454228     1329853.088     0.2
 NxN Ewald Elec. + LJ [F]           4277905.478608   282341761.588    51.2
 NxN Ewald Elec. + LJ [V&F]           43220.354112     4624577.890     0.8
 NxN Ewald Elec. [F]                3840549.122400   234273496.466    42.5
 NxN Ewald Elec. [V&F]                38801.914992     3259360.859     0.6
 1,4 nonbonded interactions            2553.005106      229770.460     0.0
 Calc Weights                         50814.101628     1829307.659     0.3
 Spread Q Bspline                   1084034.168064     2168068.336     0.4
 Gather F Bspline                   1084034.168064     6504205.008     1.2
 3D-FFT                             1395170.790336    11161366.323     2.0
 Solve PME                              968.001936       61952.124     0.0
 Reset In Box                           423.450000        1270.350     0.0
 CG-CoM                                 423.483876        1270.452     0.0
 Bonds                                  512.501025       30237.560     0.0
 Angles                                1773.503547      297948.596     0.1
 Propers                                213.000426       48777.098     0.0
 RB-Dihedrals                          1975.003950      487825.976     0.1
 Virial                                 339.243921        6106.391     0.0
 Stop-CM                                169.413876        1694.139     0.0
 Calc-Ekin                             3387.667752       91467.029     0.0
 Lincs                                  479.500959       28770.058     0.0
 Lincs-Mat                             2388.004776        9552.019     0.0
 Constraint-V                         16913.033826      152217.304     0.0
 Constraint-Vir                         328.702867        7888.869     0.0
 Settle                                5318.010636     1967663.935     0.4
-----------------------------------------------------------------------------
 Total                                               550916409.576   100.0
-----------------------------------------------------------------------------


    D O M A I N   D E C O M P O S I T I O N   S T A T I S T I C S

 av. #atoms communicated per step for force:  2 x 0.0


      R E A L   C Y C L E   A N D   T I M E   A C C O U N T I N G

On 1 MPI rank, each using 8 OpenMP threads

 Activity:              Num   Num      Call    Wall time         Giga-Cycles
                        Ranks Threads  Count      (s)         total sum    %
--------------------------------------------------------------------------------
 Domain decomp.            1    8      12500      26.978          5.180   0.9
 Neighbor search           1    8      12501      87.555         16.810   2.8
 Force                     1    8     500001    2248.393        431.688  71.7
 PME mesh                  1    8     500001     522.516        100.322  16.7
 NB X/F buffer ops.        1    8     987501      89.192         17.125   2.8
 Write traj.               1    8        104       0.164          0.032   0.0
 Update                    1    8     500001      57.260         10.994   1.8
 Constraints               1    8     500001      90.341         17.345   2.9
 Rest                                             14.810          2.844   0.5
--------------------------------------------------------------------------------
 Total                                          3137.208        602.339 100.0
--------------------------------------------------------------------------------
 Breakdown of PME mesh activities
--------------------------------------------------------------------------------
 PME spread                1    8     500001     171.375         32.904   5.5
 PME gather                1    8     500001     164.102         31.507   5.2
 PME 3D-FFT                1    8    1000002     178.417         34.256   5.7
 PME solve Elec            1    8     500001       4.434          0.851   0.1
--------------------------------------------------------------------------------

               Core t (s)   Wall t (s)        (%)
       Time:    25097.662     3137.208      800.0
                         52:17
                 (ns/day)    (hour/ns)
Performance:       27.540        0.871
Finished mdrun on rank 0 Sat Oct  7 20:44:57 2023

