                      :-) GROMACS - gmx mdrun, 2023.2 (-:

Copyright 1991-2023 The GROMACS Authors.
GROMACS is free software; you can redistribute it and/or modify it
under the terms of the GNU Lesser General Public License
as published by the Free Software Foundation; either version 2.1
of the License, or (at your option) any later version.

                         Current GROMACS contributors:
       Mark Abraham           Andrey Alekseenko           Cathrine Bergh      
      Christian Blau            Eliane Briand             Mahesh Doijade      
    Stefan Fleischmann           Vytas Gapsys              Gaurav Garg        
      Sergey Gorelov         Gilles Gouaillardet            Alan Gray         
     M. Eric Irrgang         Farzaneh Jalalypour            Joe Jordan        
    Christoph Junghans        Prashanth Kanduri          Sebastian Keller     
     Carsten Kutzner           Justin A. Lemkul          Magnus Lundborg      
       Pascal Merz              Vedran Miletic            Dmitry Morozov      
       Szilard Pall             Roland Schulz             Michael Shirts      
     Alexey Shvetsov            Balint Soproni         David van der Spoel    
      Philip Turner             Carsten Uphoff           Alessandra Villa     
 Sebastian Wingbermuehle        Artem Zhmurov       

                         Previous GROMACS contributors:
        Emile Apol             Rossen Apostolov           James Barnett       
  Herman J.C. Berendsen          Par Bjelkmar           Viacheslav Bolnykh    
        Kevin Boyd            Aldert van Buuren          Carlo Camilloni      
     Rudi van Drunen            Anton Feenstra           Oliver Fleetwood     
     Gerrit Groenhof            Bert de Groot             Anca Hamuraru       
    Vincent Hindriksen          Victor Holanda           Aleksei Iupinov      
   Dimitrios Karkoulis           Peter Kasson             Sebastian Kehl      
        Jiri Kraus               Per Larsson              Viveca Lindahl      
      Erik Marklund           Pieter Meulenhoff           Teemu Murtola       
       Sander Pronk             Alfons Sijbers            Peter Tieleman      
       Jon Vincent             Teemu Virolainen         Christian Wennberg    
       Maarten Wolf       

                  Coordinated by the GROMACS project leaders:
                    Paul Bauer, Berk Hess, and Erik Lindahl

GROMACS:      gmx mdrun, version 2023.2
Executable:   /usr/local/gromacs/bin/gmx
Data prefix:  /usr/local/gromacs
Working dir:  /Users/samhoover/molecular-dynamics/proteins/tutorials/lekmul/lysozyme-in-water
Process ID:   69231
Command line:
  gmx mdrun -v -deffnm nvt

GROMACS version:    2023.2
Precision:          mixed
Memory model:       64 bit
MPI library:        thread_mpi
OpenMP support:     enabled (GMX_OPENMP_MAX_THREADS = 128)
GPU support:        disabled
SIMD instructions:  ARM_NEON_ASIMD
CPU FFT library:    fftw-3.3.8
GPU FFT library:    none
Multi-GPU FFT:      none
TNG support:        enabled
Hwloc support:      disabled
Tracing support:    disabled
C compiler:         /Library/Developer/CommandLineTools/usr/bin/cc AppleClang 15.0.0.15000040
C compiler flags:   -Wno-missing-field-initializers -fno-stack-check -fno-stack-check -O3 -DNDEBUG
C++ compiler:       /Library/Developer/CommandLineTools/usr/bin/c++ AppleClang 15.0.0.15000040
C++ compiler flags: -Wno-reserved-identifier -Wno-missing-field-initializers -fno-stack-check -fno-stack-check -Weverything -Wno-c++98-compat -Wno-c++98-compat-pedantic -Wno-source-uses-openmp -Wno-c++17-extensions -Wno-documentation-unknown-command -Wno-covered-switch-default -Wno-switch-enum -Wno-extra-semi-stmt -Wno-weak-vtables -Wno-shadow -Wno-padded -Wno-reserved-id-macro -Wno-double-promotion -Wno-exit-time-destructors -Wno-global-constructors -Wno-documentation -Wno-format-nonliteral -Wno-used-but-marked-unused -Wno-float-equal -Wno-conditional-uninitialized -Wno-conversion -Wno-disabled-macro-expansion -Wno-unused-macros -Wno-unsafe-buffer-usage -Xclang -fopenmp -O3 -DNDEBUG
BLAS library:       External - detected on the system
LAPACK library:     External - detected on the system


Running on 1 node with total 0 processing units
Hardware detected on host sh-m1mbp.lan:
  CPU info:
    Vendor: ARM
    Brand:  Unknown CPU brand
    Family: 0   Model: 0   Stepping: 0
    Features: neon neon_asimd
  Hardware topology: Only logical processor count
    CPU limit set by OS: -1   Recommended max number of threads: 8


++++ PLEASE READ AND CITE THE FOLLOWING REFERENCE ++++
M. J. Abraham, T. Murtola, R. Schulz, S. Páll, J. C. Smith, B. Hess, E.
Lindahl
GROMACS: High performance molecular simulations through multi-level
parallelism from laptops to supercomputers
SoftwareX 1 (2015) pp. 19-25
-------- -------- --- Thank You --- -------- --------


++++ PLEASE READ AND CITE THE FOLLOWING REFERENCE ++++
S. Páll, M. J. Abraham, C. Kutzner, B. Hess, E. Lindahl
Tackling Exascale Software Challenges in Molecular Dynamics Simulations with
GROMACS
In S. Markidis & E. Laure (Eds.), Solving Software Challenges for Exascale 8759 (2015) pp. 3-27
-------- -------- --- Thank You --- -------- --------


++++ PLEASE READ AND CITE THE FOLLOWING REFERENCE ++++
S. Pronk, S. Páll, R. Schulz, P. Larsson, P. Bjelkmar, R. Apostolov, M. R.
Shirts, J. C. Smith, P. M. Kasson, D. van der Spoel, B. Hess, and E. Lindahl
GROMACS 4.5: a high-throughput and highly parallel open source molecular
simulation toolkit
Bioinformatics 29 (2013) pp. 845-54
-------- -------- --- Thank You --- -------- --------


++++ PLEASE READ AND CITE THE FOLLOWING REFERENCE ++++
B. Hess and C. Kutzner and D. van der Spoel and E. Lindahl
GROMACS 4: Algorithms for highly efficient, load-balanced, and scalable
molecular simulation
J. Chem. Theory Comput. 4 (2008) pp. 435-447
-------- -------- --- Thank You --- -------- --------


++++ PLEASE READ AND CITE THE FOLLOWING REFERENCE ++++
D. van der Spoel, E. Lindahl, B. Hess, G. Groenhof, A. E. Mark and H. J. C.
Berendsen
GROMACS: Fast, Flexible and Free
J. Comp. Chem. 26 (2005) pp. 1701-1719
-------- -------- --- Thank You --- -------- --------


++++ PLEASE READ AND CITE THE FOLLOWING REFERENCE ++++
E. Lindahl and B. Hess and D. van der Spoel
GROMACS 3.0: A package for molecular simulation and trajectory analysis
J. Mol. Mod. 7 (2001) pp. 306-317
-------- -------- --- Thank You --- -------- --------


++++ PLEASE READ AND CITE THE FOLLOWING REFERENCE ++++
H. J. C. Berendsen, D. van der Spoel and R. van Drunen
GROMACS: A message-passing parallel molecular dynamics implementation
Comp. Phys. Comm. 91 (1995) pp. 43-56
-------- -------- --- Thank You --- -------- --------


++++ PLEASE CITE THE DOI FOR THIS VERSION OF GROMACS ++++
https://doi.org/10.5281/zenodo.8134397
-------- -------- --- Thank You --- -------- --------

Input Parameters:
   integrator                     = md
   tinit                          = 0
   dt                             = 0.002
   nsteps                         = 25000
   init-step                      = 0
   simulation-part                = 1
   mts                            = false
   comm-mode                      = Linear
   nstcomm                        = 100
   bd-fric                        = 0
   ld-seed                        = 2141060091
   emtol                          = 10
   emstep                         = 0.01
   niter                          = 20
   fcstep                         = 0
   nstcgsteep                     = 1000
   nbfgscorr                      = 10
   rtpi                           = 0.05
   nstxout                        = 500
   nstvout                        = 500
   nstfout                        = 0
   nstlog                         = 500
   nstcalcenergy                  = 100
   nstenergy                      = 500
   nstxout-compressed             = 0
   compressed-x-precision         = 1000
   cutoff-scheme                  = Verlet
   nstlist                        = 10
   pbc                            = xyz
   periodic-molecules             = false
   verlet-buffer-tolerance        = 0.005
   rlist                          = 1
   coulombtype                    = PME
   coulomb-modifier               = Potential-shift
   rcoulomb-switch                = 0
   rcoulomb                       = 1
   epsilon-r                      = 1
   epsilon-rf                     = inf
   vdw-type                       = Cut-off
   vdw-modifier                   = Potential-shift
   rvdw-switch                    = 0
   rvdw                           = 1
   DispCorr                       = EnerPres
   table-extension                = 1
   fourierspacing                 = 0.16
   fourier-nx                     = 44
   fourier-ny                     = 44
   fourier-nz                     = 44
   pme-order                      = 4
   ewald-rtol                     = 1e-05
   ewald-rtol-lj                  = 0.001
   lj-pme-comb-rule               = Geometric
   ewald-geometry                 = 3d
   epsilon-surface                = 0
   ensemble-temperature-setting   = constant
   ensemble-temperature           = 300
   tcoupl                         = V-rescale
   nsttcouple                     = 10
   nh-chain-length                = 0
   print-nose-hoover-chain-variables = false
   pcoupl                         = No
   pcoupltype                     = Isotropic
   nstpcouple                     = -1
   tau-p                          = 1
   compressibility (3x3):
      compressibility[    0]={ 0.00000e+00,  0.00000e+00,  0.00000e+00}
      compressibility[    1]={ 0.00000e+00,  0.00000e+00,  0.00000e+00}
      compressibility[    2]={ 0.00000e+00,  0.00000e+00,  0.00000e+00}
   ref-p (3x3):
      ref-p[    0]={ 0.00000e+00,  0.00000e+00,  0.00000e+00}
      ref-p[    1]={ 0.00000e+00,  0.00000e+00,  0.00000e+00}
      ref-p[    2]={ 0.00000e+00,  0.00000e+00,  0.00000e+00}
   refcoord-scaling               = No
   posres-com (3):
      posres-com[0]= 0.00000e+00
      posres-com[1]= 0.00000e+00
      posres-com[2]= 0.00000e+00
   posres-comB (3):
      posres-comB[0]= 0.00000e+00
      posres-comB[1]= 0.00000e+00
      posres-comB[2]= 0.00000e+00
   QMMM                           = false
qm-opts:
   ngQM                           = 0
   constraint-algorithm           = Lincs
   continuation                   = false
   Shake-SOR                      = false
   shake-tol                      = 0.0001
   lincs-order                    = 4
   lincs-iter                     = 1
   lincs-warnangle                = 30
   nwall                          = 0
   wall-type                      = 9-3
   wall-r-linpot                  = -1
   wall-atomtype[0]               = -1
   wall-atomtype[1]               = -1
   wall-density[0]                = 0
   wall-density[1]                = 0
   wall-ewald-zfac                = 3
   pull                           = false
   awh                            = false
   rotation                       = false
   interactiveMD                  = false
   disre                          = No
   disre-weighting                = Conservative
   disre-mixed                    = false
   dr-fc                          = 1000
   dr-tau                         = 0
   nstdisreout                    = 100
   orire-fc                       = 0
   orire-tau                      = 0
   nstorireout                    = 100
   free-energy                    = no
   cos-acceleration               = 0
   deform (3x3):
      deform[    0]={ 0.00000e+00,  0.00000e+00,  0.00000e+00}
      deform[    1]={ 0.00000e+00,  0.00000e+00,  0.00000e+00}
      deform[    2]={ 0.00000e+00,  0.00000e+00,  0.00000e+00}
   simulated-tempering            = false
   swapcoords                     = no
   userint1                       = 0
   userint2                       = 0
   userint3                       = 0
   userint4                       = 0
   userreal1                      = 0
   userreal2                      = 0
   userreal3                      = 0
   userreal4                      = 0
   applied-forces:
     electric-field:
       x:
         E0                       = 0
         omega                    = 0
         t0                       = 0
         sigma                    = 0
       y:
         E0                       = 0
         omega                    = 0
         t0                       = 0
         sigma                    = 0
       z:
         E0                       = 0
         omega                    = 0
         t0                       = 0
         sigma                    = 0
     density-guided-simulation:
       active                     = false
       group                      = protein
       similarity-measure         = inner-product
       atom-spreading-weight      = unity
       force-constant             = 1e+09
       gaussian-transform-spreading-width = 0.2
       gaussian-transform-spreading-range-in-multiples-of-width = 4
       reference-density-filename = reference.mrc
       nst                        = 1
       normalize-densities        = true
       adaptive-force-scaling     = false
       adaptive-force-scaling-time-constant = 4
       shift-vector               = 
       transformation-matrix      = 
     qmmm-cp2k:
       active                     = false
       qmgroup                    = System
       qmmethod                   = PBE
       qmfilenames                = 
       qmcharge                   = 0
       qmmultiplicity             = 1
grpopts:
   nrdf:     4920.79     63837.2
   ref-t:         300         300
   tau-t:         0.1         0.1
annealing:          No          No
annealing-npoints:           0           0
   acc:	           0           0           0
   nfreeze:           N           N           N
   energygrp-flags[  0]: 0

Changing nstlist from 10 to 50, rlist from 1 to 1.115


Initializing Domain Decomposition on 1 ranks
Dynamic load balancing: auto
Using update groups, nr 11645, average size 2.9 atoms, max. radius 0.103 nm
Minimum cell size due to atom displacement: 0.398 nm
Initial maximum distances in bonded interactions:
    two-body bonded interactions: 0.453 nm, LJ-14, atoms 1156 1405
  multi-body bonded interactions: 0.453 nm, Ryckaert-Bell., atoms 1156 1405
Minimum cell size due to bonded interactions: 0.499 nm
Using 0 separate PME ranks because: there are too few total ranks for efficient splitting
Optimizing the DD grid for 1 cells with a minimum initial size of 0.499 nm
The maximum allowed number of cells is: X 14 Y 14 Z 14
Domain decomposition grid 1 x 1 x 1, separate PME ranks 0
PME domain decomposition: 1 x 1 x 1

The initial number of communication pulses is:
The initial domain decomposition cell size is:

The maximum allowed distance for atom groups involved in interactions is:
                 non-bonded interactions           1.322 nm
            two-body bonded interactions  (-rdd)   1.322 nm
          multi-body bonded interactions  (-rdd)   1.322 nm

When dynamic load balancing gets turned on, these settings will change to:
The maximum number of communication pulses is:
The minimum size for domain decomposition cells is 1.322 nm
The requested allowed shrink of DD cells (option -dds) is: 0.80
The allowed shrink of domain decomposition cells is:
The maximum allowed distance for atom groups involved in interactions is:
                 non-bonded interactions           1.322 nm
            two-body bonded interactions  (-rdd)   1.322 nm
          multi-body bonded interactions  (-rdd)   1.322 nm

Using 1 MPI thread
Using 8 OpenMP threads 

System total charge: -0.000
Will do PME sum in reciprocal space for electrostatic interactions.

++++ PLEASE READ AND CITE THE FOLLOWING REFERENCE ++++
U. Essmann, L. Perera, M. L. Berkowitz, T. Darden, H. Lee and L. G. Pedersen 
A smooth particle mesh Ewald method
J. Chem. Phys. 103 (1995) pp. 8577-8592
-------- -------- --- Thank You --- -------- --------

Using a Gaussian width (1/beta) of 0.320163 nm for Ewald
Potential shift: LJ r^-12: -1.000e+00 r^-6: -1.000e+00, Ewald -1.000e-05
Initialized non-bonded Coulomb Ewald tables, spacing: 9.33e-04 size: 1073

Generated table with 1057 data points for 1-4 COUL.
Tabscale = 500 points/nm
Generated table with 1057 data points for 1-4 LJ6.
Tabscale = 500 points/nm
Generated table with 1057 data points for 1-4 LJ12.
Tabscale = 500 points/nm
Long Range LJ corr.: <C6> 3.1923e-04


Using SIMD 4x4 nonbonded short-range kernels

Using a dual 4x4 pair-list setup updated with dynamic pruning:
  outer list: updated every 50 steps, buffer 0.115 nm, rlist 1.115 nm
  inner list: updated every 12 steps, buffer 0.002 nm, rlist 1.002 nm
At tolerance 0.005 kJ/mol/ps per atom, equivalent classical 1x1 list would be:
  outer list: updated every 50 steps, buffer 0.244 nm, rlist 1.244 nm
  inner list: updated every 12 steps, buffer 0.047 nm, rlist 1.047 nm

Using Geometric Lennard-Jones combination rule
Removing pbc first time

Linking all bonded interactions to atoms


Initializing LINear Constraint Solver

++++ PLEASE READ AND CITE THE FOLLOWING REFERENCE ++++
B. Hess and H. Bekker and H. J. C. Berendsen and J. G. E. M. Fraaije
LINCS: A Linear Constraint Solver for molecular simulations
J. Comp. Chem. 18 (1997) pp. 1463-1472
-------- -------- --- Thank You --- -------- --------

The number of constraints is 959

++++ PLEASE READ AND CITE THE FOLLOWING REFERENCE ++++
S. Miyamoto and P. A. Kollman
SETTLE: An Analytical Version of the SHAKE and RATTLE Algorithms for Rigid
Water Models
J. Comp. Chem. 13 (1992) pp. 952-962
-------- -------- --- Thank You --- -------- --------


++++ PLEASE READ AND CITE THE FOLLOWING REFERENCE ++++
G. Bussi, D. Donadio and M. Parrinello
Canonical sampling through velocity rescaling
J. Chem. Phys. 126 (2007) pp. 014101
-------- -------- --- Thank You --- -------- --------

There are: 33876 Atoms

Atom distribution over 1 domains: av 33876 stddev 0 min 33876 max 33876

Constraining the starting coordinates (step 0)

Constraining the coordinates at t0-dt (step 0)
Center of mass motion removal mode is Linear
We have the following groups for center of mass motion removal:
  0:  rest
RMS relative constraint deviation after constraining: 2.93e-06
Initial temperature: 300.404 K

Started mdrun on rank 0 Sat Oct  7 19:29:05 2023

           Step           Time
              0        0.00000

   Energies (kJ/mol)
           Bond          Angle    Proper Dih. Ryckaert-Bell.          LJ-14
    2.15324e+02    9.47547e+02    7.25217e+01    1.43339e+03    2.50950e+03
     Coulomb-14        LJ (SR)  Disper. corr.   Coulomb (SR)   Coul. recip.
    7.77119e+03    8.81284e+04   -4.44920e+03   -6.91061e+05    2.85069e+03
 Position Rest.      Potential    Kinetic En.   Total Energy  Conserved En.
    1.34426e-03   -5.91582e+05    8.58828e+04   -5.05699e+05   -5.05699e+05
    Temperature Pres. DC (bar) Pressure (bar)   Constr. rmsd
    3.00455e+02   -2.14729e+02   -5.41634e+03    2.96073e-06

           Step           Time
            500        1.00000

   Energies (kJ/mol)
           Bond          Angle    Proper Dih. Ryckaert-Bell.          LJ-14
    1.41967e+03    3.97284e+03    2.03291e+02    1.90457e+03    2.64274e+03
     Coulomb-14        LJ (SR)  Disper. corr.   Coulomb (SR)   Coul. recip.
    7.74956e+03    9.05981e+04   -4.44920e+03   -6.25513e+05    3.24075e+03
 Position Rest.      Potential    Kinetic En.   Total Energy  Conserved En.
    6.64765e+02   -5.17566e+05    8.57196e+04   -4.31846e+05   -5.04835e+05
    Temperature Pres. DC (bar) Pressure (bar)   Constr. rmsd
    2.99884e+02   -2.14729e+02   -5.22319e+02    2.79424e-06

           Step           Time
           1000        2.00000

   Energies (kJ/mol)
           Bond          Angle    Proper Dih. Ryckaert-Bell.          LJ-14
    1.40262e+03    3.60639e+03    2.00546e+02    1.85609e+03    2.73052e+03
     Coulomb-14        LJ (SR)  Disper. corr.   Coulomb (SR)   Coul. recip.
    7.70005e+03    9.08877e+04   -4.44920e+03   -6.27400e+05    3.17685e+03
 Position Rest.      Potential    Kinetic En.   Total Energy  Conserved En.
    5.27380e+02   -5.19761e+05    8.54544e+04   -4.34307e+05   -5.04825e+05
    Temperature Pres. DC (bar) Pressure (bar)   Constr. rmsd
    2.98956e+02   -2.14729e+02   -6.42560e+02    2.94318e-06

           Step           Time
           1500        3.00000

   Energies (kJ/mol)
           Bond          Angle    Proper Dih. Ryckaert-Bell.          LJ-14
    1.56802e+03    3.63058e+03    2.76290e+02    1.87450e+03    2.63105e+03
     Coulomb-14        LJ (SR)  Disper. corr.   Coulomb (SR)   Coul. recip.
    7.70789e+03    9.06472e+04   -4.44920e+03   -6.28132e+05    3.01036e+03
 Position Rest.      Potential    Kinetic En.   Total Energy  Conserved En.
    5.53826e+02   -5.20681e+05    8.55272e+04   -4.35154e+05   -5.04804e+05
    Temperature Pres. DC (bar) Pressure (bar)   Constr. rmsd
    2.99211e+02   -2.14729e+02   -8.26882e+02    2.79616e-06

           Step           Time
           2000        4.00000

   Energies (kJ/mol)
           Bond          Angle    Proper Dih. Ryckaert-Bell.          LJ-14
    1.42412e+03    3.70568e+03    2.47737e+02    1.82828e+03    2.73793e+03
     Coulomb-14        LJ (SR)  Disper. corr.   Coulomb (SR)   Coul. recip.
    7.63379e+03    9.16537e+04   -4.44920e+03   -6.28997e+05    3.07541e+03
 Position Rest.      Potential    Kinetic En.   Total Energy  Conserved En.
    5.29286e+02   -5.20610e+05    8.55402e+04   -4.35070e+05   -5.04818e+05
    Temperature Pres. DC (bar) Pressure (bar)   Constr. rmsd
    2.99256e+02   -2.14729e+02   -3.88719e+02    2.81248e-06

           Step           Time
           2500        5.00000

   Energies (kJ/mol)
           Bond          Angle    Proper Dih. Ryckaert-Bell.          LJ-14
    1.31820e+03    3.75215e+03    2.52281e+02    1.99606e+03    2.62965e+03
     Coulomb-14        LJ (SR)  Disper. corr.   Coulomb (SR)   Coul. recip.
    7.64357e+03    9.10984e+04   -4.44920e+03   -6.29207e+05    2.95324e+03
 Position Rest.      Potential    Kinetic En.   Total Energy  Conserved En.
    4.84571e+02   -5.21528e+05    8.58731e+04   -4.35655e+05   -5.04828e+05
    Temperature Pres. DC (bar) Pressure (bar)   Constr. rmsd
    3.00421e+02   -2.14729e+02   -8.11699e+02    3.03566e-06

           Step           Time
           3000        6.00000

   Energies (kJ/mol)
           Bond          Angle    Proper Dih. Ryckaert-Bell.          LJ-14
    1.46345e+03    3.75800e+03    2.73067e+02    1.87067e+03    2.67293e+03
     Coulomb-14        LJ (SR)  Disper. corr.   Coulomb (SR)   Coul. recip.
    7.77582e+03    9.09753e+04   -4.44920e+03   -6.29074e+05    3.01279e+03
 Position Rest.      Potential    Kinetic En.   Total Energy  Conserved En.
    4.70543e+02   -5.21251e+05    8.57791e+04   -4.35472e+05   -5.04815e+05
    Temperature Pres. DC (bar) Pressure (bar)   Constr. rmsd
    3.00092e+02   -2.14729e+02   -6.48979e+02    2.87901e-06

           Step           Time
           3500        7.00000

   Energies (kJ/mol)
           Bond          Angle    Proper Dih. Ryckaert-Bell.          LJ-14
    1.43060e+03    3.72579e+03    2.67011e+02    1.87640e+03    2.68542e+03
     Coulomb-14        LJ (SR)  Disper. corr.   Coulomb (SR)   Coul. recip.
    7.62288e+03    9.14779e+04   -4.44920e+03   -6.30138e+05    3.00982e+03
 Position Rest.      Potential    Kinetic En.   Total Energy  Conserved En.
    5.08186e+02   -5.21983e+05    8.64088e+04   -4.35574e+05   -5.04801e+05
    Temperature Pres. DC (bar) Pressure (bar)   Constr. rmsd
    3.02295e+02   -2.14729e+02   -5.30257e+02    3.10707e-06

           Step           Time
           4000        8.00000

   Energies (kJ/mol)
           Bond          Angle    Proper Dih. Ryckaert-Bell.          LJ-14
    1.35255e+03    3.61986e+03    2.52487e+02    1.81764e+03    2.71139e+03
     Coulomb-14        LJ (SR)  Disper. corr.   Coulomb (SR)   Coul. recip.
    7.73063e+03    9.17104e+04   -4.44920e+03   -6.31915e+05    2.97048e+03
 Position Rest.      Potential    Kinetic En.   Total Energy  Conserved En.
    4.98558e+02   -5.23700e+05    8.49386e+04   -4.38761e+05   -5.04803e+05
    Temperature Pres. DC (bar) Pressure (bar)   Constr. rmsd
    2.97151e+02   -2.14729e+02   -4.87023e+02    2.97382e-06

           Step           Time
           4500        9.00000

   Energies (kJ/mol)
           Bond          Angle    Proper Dih. Ryckaert-Bell.          LJ-14
    1.44782e+03    3.70191e+03    2.38774e+02    1.84230e+03    2.64349e+03
     Coulomb-14        LJ (SR)  Disper. corr.   Coulomb (SR)   Coul. recip.
    7.76670e+03    9.27442e+04   -4.44920e+03   -6.31912e+05    3.01083e+03
 Position Rest.      Potential    Kinetic En.   Total Energy  Conserved En.
    4.96022e+02   -5.22470e+05    8.54391e+04   -4.37030e+05   -5.04768e+05
    Temperature Pres. DC (bar) Pressure (bar)   Constr. rmsd
    2.98902e+02   -2.14729e+02   -3.80664e+02    2.64775e-06

           Step           Time
           5000       10.00000

   Energies (kJ/mol)
           Bond          Angle    Proper Dih. Ryckaert-Bell.          LJ-14
    1.47864e+03    3.87319e+03    2.32658e+02    1.78471e+03    2.64360e+03
     Coulomb-14        LJ (SR)  Disper. corr.   Coulomb (SR)   Coul. recip.
    7.78466e+03    9.13378e+04   -4.44920e+03   -6.29343e+05    2.97573e+03
 Position Rest.      Potential    Kinetic En.   Total Energy  Conserved En.
    4.80214e+02   -5.21200e+05    8.47831e+04   -4.36417e+05   -5.04755e+05
    Temperature Pres. DC (bar) Pressure (bar)   Constr. rmsd
    2.96607e+02   -2.14729e+02   -4.94602e+02    2.64552e-06

           Step           Time
           5500       11.00000

   Energies (kJ/mol)
           Bond          Angle    Proper Dih. Ryckaert-Bell.          LJ-14
    1.52288e+03    3.63783e+03    2.52252e+02    1.81964e+03    2.67501e+03
     Coulomb-14        LJ (SR)  Disper. corr.   Coulomb (SR)   Coul. recip.
    7.66562e+03    9.10399e+04   -4.44920e+03   -6.29060e+05    3.02549e+03
 Position Rest.      Potential    Kinetic En.   Total Energy  Conserved En.
    4.29462e+02   -5.21442e+05    8.62320e+04   -4.35210e+05   -5.04785e+05
    Temperature Pres. DC (bar) Pressure (bar)   Constr. rmsd
    3.01676e+02   -2.14729e+02   -7.41619e+02    3.40501e-06

           Step           Time
           6000       12.00000

   Energies (kJ/mol)
           Bond          Angle    Proper Dih. Ryckaert-Bell.          LJ-14
    1.39675e+03    3.73584e+03    2.79960e+02    1.88487e+03    2.66110e+03
     Coulomb-14        LJ (SR)  Disper. corr.   Coulomb (SR)   Coul. recip.
    7.70076e+03    9.21262e+04   -4.44920e+03   -6.30540e+05    3.02860e+03
 Position Rest.      Potential    Kinetic En.   Total Energy  Conserved En.
    5.26208e+02   -5.21649e+05    8.52538e+04   -4.36395e+05   -5.04762e+05
    Temperature Pres. DC (bar) Pressure (bar)   Constr. rmsd
    2.98254e+02   -2.14729e+02   -7.09480e+02    2.64914e-06

           Step           Time
           6500       13.00000

   Energies (kJ/mol)
           Bond          Angle    Proper Dih. Ryckaert-Bell.          LJ-14
    1.43689e+03    3.66980e+03    2.87071e+02    1.77825e+03    2.77819e+03
     Coulomb-14        LJ (SR)  Disper. corr.   Coulomb (SR)   Coul. recip.
    7.69846e+03    9.14496e+04   -4.44920e+03   -6.30353e+05    3.00571e+03
 Position Rest.      Potential    Kinetic En.   Total Energy  Conserved En.
    4.53728e+02   -5.22244e+05    8.57977e+04   -4.36447e+05   -5.04750e+05
    Temperature Pres. DC (bar) Pressure (bar)   Constr. rmsd
    3.00157e+02   -2.14729e+02   -3.12201e+02    3.09305e-06

           Step           Time
           7000       14.00000

   Energies (kJ/mol)
           Bond          Angle    Proper Dih. Ryckaert-Bell.          LJ-14
    1.57980e+03    3.70478e+03    2.79071e+02    1.88020e+03    2.70214e+03
     Coulomb-14        LJ (SR)  Disper. corr.   Coulomb (SR)   Coul. recip.
    7.73036e+03    9.16547e+04   -4.44920e+03   -6.29483e+05    3.05245e+03
 Position Rest.      Potential    Kinetic En.   Total Energy  Conserved En.
    4.58135e+02   -5.20890e+05    8.62115e+04   -4.34679e+05   -5.04757e+05
    Temperature Pres. DC (bar) Pressure (bar)   Constr. rmsd
    3.01604e+02   -2.14729e+02   -1.29077e+00    2.96424e-06

           Step           Time
           7500       15.00000

   Energies (kJ/mol)
           Bond          Angle    Proper Dih. Ryckaert-Bell.          LJ-14
    1.44486e+03    3.75222e+03    2.54174e+02    1.81466e+03    2.69043e+03
     Coulomb-14        LJ (SR)  Disper. corr.   Coulomb (SR)   Coul. recip.
    7.78475e+03    9.24767e+04   -4.44920e+03   -6.30773e+05    3.00071e+03
 Position Rest.      Potential    Kinetic En.   Total Energy  Conserved En.
    4.41765e+02   -5.21562e+05    8.53471e+04   -4.36215e+05   -5.04752e+05
    Temperature Pres. DC (bar) Pressure (bar)   Constr. rmsd
    2.98581e+02   -2.14729e+02   -2.07457e+02    2.77421e-06

           Step           Time
           8000       16.00000

   Energies (kJ/mol)
           Bond          Angle    Proper Dih. Ryckaert-Bell.          LJ-14
    1.46183e+03    3.94643e+03    2.56654e+02    1.74663e+03    2.57595e+03
     Coulomb-14        LJ (SR)  Disper. corr.   Coulomb (SR)   Coul. recip.
    7.69954e+03    9.20915e+04   -4.44920e+03   -6.30331e+05    2.99358e+03
 Position Rest.      Potential    Kinetic En.   Total Energy  Conserved En.
    4.78781e+02   -5.21529e+05    8.51692e+04   -4.36360e+05   -5.04744e+05
    Temperature Pres. DC (bar) Pressure (bar)   Constr. rmsd
    2.97958e+02   -2.14729e+02   -6.89364e+02    3.06189e-06

           Step           Time
           8500       17.00000

   Energies (kJ/mol)
           Bond          Angle    Proper Dih. Ryckaert-Bell.          LJ-14
    1.54038e+03    3.74152e+03    2.89703e+02    1.82092e+03    2.57065e+03
     Coulomb-14        LJ (SR)  Disper. corr.   Coulomb (SR)   Coul. recip.
    7.62306e+03    9.15142e+04   -4.44920e+03   -6.29692e+05    3.05048e+03
 Position Rest.      Potential    Kinetic En.   Total Energy  Conserved En.
    4.67471e+02   -5.21523e+05    8.51808e+04   -4.36342e+05   -5.04720e+05
    Temperature Pres. DC (bar) Pressure (bar)   Constr. rmsd
    2.97999e+02   -2.14729e+02   -7.49531e+02    2.92940e-06

           Step           Time
           9000       18.00000

   Energies (kJ/mol)
           Bond          Angle    Proper Dih. Ryckaert-Bell.          LJ-14
    1.45783e+03    3.74298e+03    2.14077e+02    1.84569e+03    2.65593e+03
     Coulomb-14        LJ (SR)  Disper. corr.   Coulomb (SR)   Coul. recip.
    7.67220e+03    9.31753e+04   -4.44920e+03   -6.31054e+05    3.00225e+03
 Position Rest.      Potential    Kinetic En.   Total Energy  Conserved En.
    4.56106e+02   -5.21280e+05    8.59430e+04   -4.35337e+05   -5.04751e+05
    Temperature Pres. DC (bar) Pressure (bar)   Constr. rmsd
    3.00665e+02   -2.14729e+02   -1.61657e+02    2.98190e-06

           Step           Time
           9500       19.00000

   Energies (kJ/mol)
           Bond          Angle    Proper Dih. Ryckaert-Bell.          LJ-14
    1.46799e+03    3.69101e+03    2.67301e+02    1.83921e+03    2.64148e+03
     Coulomb-14        LJ (SR)  Disper. corr.   Coulomb (SR)   Coul. recip.
    7.59655e+03    9.31649e+04   -4.44920e+03   -6.32285e+05    3.00812e+03
 Position Rest.      Potential    Kinetic En.   Total Energy  Conserved En.
    4.77663e+02   -5.22580e+05    8.65923e+04   -4.35988e+05   -5.04752e+05
    Temperature Pres. DC (bar) Pressure (bar)   Constr. rmsd
    3.02937e+02   -2.14729e+02   -3.22938e+02    3.32135e-06

           Step           Time
          10000       20.00000

   Energies (kJ/mol)
           Bond          Angle    Proper Dih. Ryckaert-Bell.          LJ-14
    1.44134e+03    3.70590e+03    2.30134e+02    1.88222e+03    2.65757e+03
     Coulomb-14        LJ (SR)  Disper. corr.   Coulomb (SR)   Coul. recip.
    7.72818e+03    9.19485e+04   -4.44920e+03   -6.31727e+05    2.99230e+03
 Position Rest.      Potential    Kinetic En.   Total Energy  Conserved En.
    4.48569e+02   -5.23141e+05    8.62354e+04   -4.36906e+05   -5.04737e+05
    Temperature Pres. DC (bar) Pressure (bar)   Constr. rmsd
    3.01688e+02   -2.14729e+02   -7.47816e+02    3.24715e-06

           Step           Time
          10500       21.00000

   Energies (kJ/mol)
           Bond          Angle    Proper Dih. Ryckaert-Bell.          LJ-14
    1.50220e+03    3.84058e+03    2.36688e+02    1.84303e+03    2.64696e+03
     Coulomb-14        LJ (SR)  Disper. corr.   Coulomb (SR)   Coul. recip.
    7.66410e+03    9.15416e+04   -4.44920e+03   -6.30608e+05    3.09300e+03
 Position Rest.      Potential    Kinetic En.   Total Energy  Conserved En.
    4.80148e+02   -5.22209e+05    8.60098e+04   -4.36199e+05   -5.04696e+05
    Temperature Pres. DC (bar) Pressure (bar)   Constr. rmsd
    3.00899e+02   -2.14729e+02   -4.93280e+02    2.91888e-06

           Step           Time
          11000       22.00000

   Energies (kJ/mol)
           Bond          Angle    Proper Dih. Ryckaert-Bell.          LJ-14
    1.54940e+03    3.63525e+03    2.42086e+02    1.81930e+03    2.68515e+03
     Coulomb-14        LJ (SR)  Disper. corr.   Coulomb (SR)   Coul. recip.
    7.66103e+03    9.07413e+04   -4.44920e+03   -6.30536e+05    2.96161e+03
 Position Rest.      Potential    Kinetic En.   Total Energy  Conserved En.
    5.18057e+02   -5.23172e+05    8.58542e+04   -4.37318e+05   -5.04714e+05
    Temperature Pres. DC (bar) Pressure (bar)   Constr. rmsd
    3.00354e+02   -2.14729e+02   -8.64135e+02    2.65597e-06

           Step           Time
          11500       23.00000

   Energies (kJ/mol)
           Bond          Angle    Proper Dih. Ryckaert-Bell.          LJ-14
    1.49604e+03    3.58386e+03    2.48122e+02    1.96931e+03    2.69387e+03
     Coulomb-14        LJ (SR)  Disper. corr.   Coulomb (SR)   Coul. recip.
    7.73024e+03    9.17242e+04   -4.44920e+03   -6.30566e+05    3.08510e+03
 Position Rest.      Potential    Kinetic En.   Total Energy  Conserved En.
    4.59313e+02   -5.22025e+05    8.50353e+04   -4.36990e+05   -5.04707e+05
    Temperature Pres. DC (bar) Pressure (bar)   Constr. rmsd
    2.97489e+02   -2.14729e+02   -6.21905e+02    2.58241e-06

           Step           Time
          12000       24.00000

   Energies (kJ/mol)
           Bond          Angle    Proper Dih. Ryckaert-Bell.          LJ-14
    1.39887e+03    3.70016e+03    2.64502e+02    1.86833e+03    2.80691e+03
     Coulomb-14        LJ (SR)  Disper. corr.   Coulomb (SR)   Coul. recip.
    7.76523e+03    9.24170e+04   -4.44920e+03   -6.31146e+05    3.01246e+03
 Position Rest.      Potential    Kinetic En.   Total Energy  Conserved En.
    4.72629e+02   -5.21889e+05    8.61767e+04   -4.35713e+05   -5.04705e+05
    Temperature Pres. DC (bar) Pressure (bar)   Constr. rmsd
    3.01483e+02   -2.14729e+02   -2.05059e+02    2.87478e-06

           Step           Time
          12500       25.00000

   Energies (kJ/mol)
           Bond          Angle    Proper Dih. Ryckaert-Bell.          LJ-14
    1.49971e+03    3.72758e+03    2.68071e+02    1.84784e+03    2.64206e+03
     Coulomb-14        LJ (SR)  Disper. corr.   Coulomb (SR)   Coul. recip.
    7.76357e+03    9.36339e+04   -4.44920e+03   -6.33743e+05    3.02624e+03
 Position Rest.      Potential    Kinetic En.   Total Energy  Conserved En.
    5.07465e+02   -5.23275e+05    8.48409e+04   -4.38435e+05   -5.04686e+05
    Temperature Pres. DC (bar) Pressure (bar)   Constr. rmsd
    2.96809e+02   -2.14729e+02   -2.99538e+02    2.87149e-06

           Step           Time
          13000       26.00000

   Energies (kJ/mol)
           Bond          Angle    Proper Dih. Ryckaert-Bell.          LJ-14
    1.45784e+03    3.68725e+03    2.79224e+02    1.85726e+03    2.63296e+03
     Coulomb-14        LJ (SR)  Disper. corr.   Coulomb (SR)   Coul. recip.
    7.78010e+03    9.08326e+04   -4.44920e+03   -6.29362e+05    2.94899e+03
 Position Rest.      Potential    Kinetic En.   Total Energy  Conserved En.
    5.52962e+02   -5.21782e+05    8.58416e+04   -4.35940e+05   -5.04715e+05
    Temperature Pres. DC (bar) Pressure (bar)   Constr. rmsd
    3.00310e+02   -2.14729e+02   -8.31567e+02    2.93773e-06

           Step           Time
          13500       27.00000

   Energies (kJ/mol)
           Bond          Angle    Proper Dih. Ryckaert-Bell.          LJ-14
    1.52666e+03    3.78036e+03    2.70036e+02    1.86726e+03    2.74478e+03
     Coulomb-14        LJ (SR)  Disper. corr.   Coulomb (SR)   Coul. recip.
    7.67649e+03    9.13776e+04   -4.44920e+03   -6.30202e+05    3.08765e+03
 Position Rest.      Potential    Kinetic En.   Total Energy  Conserved En.
    4.90813e+02   -5.21830e+05    8.46132e+04   -4.37217e+05   -5.04657e+05
    Temperature Pres. DC (bar) Pressure (bar)   Constr. rmsd
    2.96013e+02   -2.14729e+02   -5.93235e+02    2.74439e-06

           Step           Time
          14000       28.00000

   Energies (kJ/mol)
           Bond          Angle    Proper Dih. Ryckaert-Bell.          LJ-14
    1.39044e+03    3.77381e+03    2.36780e+02    1.81367e+03    2.71068e+03
     Coulomb-14        LJ (SR)  Disper. corr.   Coulomb (SR)   Coul. recip.
    7.67325e+03    9.10283e+04   -4.44920e+03   -6.30708e+05    3.01408e+03
 Position Rest.      Potential    Kinetic En.   Total Energy  Conserved En.
    5.11425e+02   -5.23005e+05    8.60642e+04   -4.36941e+05   -5.04694e+05
    Temperature Pres. DC (bar) Pressure (bar)   Constr. rmsd
    3.01089e+02   -2.14729e+02   -6.44564e+02    2.63758e-06

           Step           Time
          14500       29.00000

   Energies (kJ/mol)
           Bond          Angle    Proper Dih. Ryckaert-Bell.          LJ-14
    1.45520e+03    3.76291e+03    2.59141e+02    1.81956e+03    2.75770e+03
     Coulomb-14        LJ (SR)  Disper. corr.   Coulomb (SR)   Coul. recip.
    7.83495e+03    9.09297e+04   -4.44920e+03   -6.28964e+05    3.11937e+03
 Position Rest.      Potential    Kinetic En.   Total Energy  Conserved En.
    5.12422e+02   -5.20962e+05    8.54428e+04   -4.35520e+05   -5.04692e+05
    Temperature Pres. DC (bar) Pressure (bar)   Constr. rmsd
    2.98915e+02   -2.14729e+02   -5.99804e+02    3.28663e-06

           Step           Time
          15000       30.00000

   Energies (kJ/mol)
           Bond          Angle    Proper Dih. Ryckaert-Bell.          LJ-14
    1.38242e+03    3.81026e+03    2.63260e+02    1.82671e+03    2.70584e+03
     Coulomb-14        LJ (SR)  Disper. corr.   Coulomb (SR)   Coul. recip.
    7.75345e+03    9.11306e+04   -4.44920e+03   -6.28925e+05    3.09242e+03
 Position Rest.      Potential    Kinetic En.   Total Energy  Conserved En.
    4.41842e+02   -5.20967e+05    8.64653e+04   -4.34502e+05   -5.04682e+05
    Temperature Pres. DC (bar) Pressure (bar)   Constr. rmsd
    3.02492e+02   -2.14729e+02   -3.63474e+02    2.91301e-06

           Step           Time
          15500       31.00000

   Energies (kJ/mol)
           Bond          Angle    Proper Dih. Ryckaert-Bell.          LJ-14
    1.42803e+03    3.79103e+03    2.45338e+02    1.83797e+03    2.71033e+03
     Coulomb-14        LJ (SR)  Disper. corr.   Coulomb (SR)   Coul. recip.
    7.86009e+03    9.20767e+04   -4.44920e+03   -6.31193e+05    3.06918e+03
 Position Rest.      Potential    Kinetic En.   Total Energy  Conserved En.
    5.24816e+02   -5.22099e+05    8.67817e+04   -4.35317e+05   -5.04682e+05
    Temperature Pres. DC (bar) Pressure (bar)   Constr. rmsd
    3.03599e+02   -2.14729e+02   -3.77077e+02    3.11783e-06

           Step           Time
          16000       32.00000

   Energies (kJ/mol)
           Bond          Angle    Proper Dih. Ryckaert-Bell.          LJ-14
    1.40596e+03    3.81694e+03    2.19302e+02    1.76718e+03    2.67662e+03
     Coulomb-14        LJ (SR)  Disper. corr.   Coulomb (SR)   Coul. recip.
    7.65550e+03    9.16304e+04   -4.44920e+03   -6.30833e+05    2.99557e+03
 Position Rest.      Potential    Kinetic En.   Total Energy  Conserved En.
    4.94113e+02   -5.22620e+05    8.56019e+04   -4.37018e+05   -5.04674e+05
    Temperature Pres. DC (bar) Pressure (bar)   Constr. rmsd
    2.99472e+02   -2.14729e+02   -4.42120e+02    2.65078e-06

           Step           Time
          16500       33.00000

   Energies (kJ/mol)
           Bond          Angle    Proper Dih. Ryckaert-Bell.          LJ-14
    1.45386e+03    3.91529e+03    2.33380e+02    1.77091e+03    2.70353e+03
     Coulomb-14        LJ (SR)  Disper. corr.   Coulomb (SR)   Coul. recip.
    7.73070e+03    9.18691e+04   -4.44920e+03   -6.29912e+05    2.95694e+03
 Position Rest.      Potential    Kinetic En.   Total Energy  Conserved En.
    5.04237e+02   -5.21223e+05    8.58261e+04   -4.35397e+05   -5.04647e+05
    Temperature Pres. DC (bar) Pressure (bar)   Constr. rmsd
    3.00256e+02   -2.14729e+02   -5.84105e+02    3.16236e-06

           Step           Time
          17000       34.00000

   Energies (kJ/mol)
           Bond          Angle    Proper Dih. Ryckaert-Bell.          LJ-14
    1.40421e+03    3.62796e+03    2.30793e+02    1.86837e+03    2.72245e+03
     Coulomb-14        LJ (SR)  Disper. corr.   Coulomb (SR)   Coul. recip.
    7.81067e+03    9.28259e+04   -4.44920e+03   -6.32522e+05    2.96032e+03
 Position Rest.      Potential    Kinetic En.   Total Energy  Conserved En.
    5.16259e+02   -5.23004e+05    8.60799e+04   -4.36924e+05   -5.04648e+05
    Temperature Pres. DC (bar) Pressure (bar)   Constr. rmsd
    3.01144e+02   -2.14729e+02   -2.71100e+02    2.78133e-06

           Step           Time
          17500       35.00000

   Energies (kJ/mol)
           Bond          Angle    Proper Dih. Ryckaert-Bell.          LJ-14
    1.43552e+03    3.87934e+03    2.47941e+02    1.79254e+03    2.67234e+03
     Coulomb-14        LJ (SR)  Disper. corr.   Coulomb (SR)   Coul. recip.
    7.65957e+03    9.20299e+04   -4.44920e+03   -6.30960e+05    3.03139e+03
 Position Rest.      Potential    Kinetic En.   Total Energy  Conserved En.
    5.13196e+02   -5.22147e+05    8.55863e+04   -4.36561e+05   -5.04634e+05
    Temperature Pres. DC (bar) Pressure (bar)   Constr. rmsd
    2.99417e+02   -2.14729e+02   -8.38299e+01    3.25674e-06

           Step           Time
          18000       36.00000

   Energies (kJ/mol)
           Bond          Angle    Proper Dih. Ryckaert-Bell.          LJ-14
    1.44908e+03    3.67701e+03    2.89523e+02    1.79848e+03    2.66492e+03
     Coulomb-14        LJ (SR)  Disper. corr.   Coulomb (SR)   Coul. recip.
    7.74482e+03    9.07763e+04   -4.44920e+03   -6.30557e+05    2.95812e+03
 Position Rest.      Potential    Kinetic En.   Total Energy  Conserved En.
    4.94000e+02   -5.23154e+05    8.57488e+04   -4.37405e+05   -5.04654e+05
    Temperature Pres. DC (bar) Pressure (bar)   Constr. rmsd
    2.99986e+02   -2.14729e+02   -6.59207e+02    2.85583e-06

           Step           Time
          18500       37.00000

   Energies (kJ/mol)
           Bond          Angle    Proper Dih. Ryckaert-Bell.          LJ-14
    1.44939e+03    3.68624e+03    2.66490e+02    1.85543e+03    2.68180e+03
     Coulomb-14        LJ (SR)  Disper. corr.   Coulomb (SR)   Coul. recip.
    7.65233e+03    9.10963e+04   -4.44920e+03   -6.30637e+05    2.99723e+03
 Position Rest.      Potential    Kinetic En.   Total Energy  Conserved En.
    4.87025e+02   -5.22914e+05    8.57312e+04   -4.37183e+05   -5.04645e+05
    Temperature Pres. DC (bar) Pressure (bar)   Constr. rmsd
    2.99924e+02   -2.14729e+02   -5.49882e+02    2.88442e-06

           Step           Time
          19000       38.00000

   Energies (kJ/mol)
           Bond          Angle    Proper Dih. Ryckaert-Bell.          LJ-14
    1.41521e+03    3.83557e+03    2.75213e+02    1.87170e+03    2.64248e+03
     Coulomb-14        LJ (SR)  Disper. corr.   Coulomb (SR)   Coul. recip.
    7.74348e+03    9.26465e+04   -4.44920e+03   -6.32694e+05    2.99417e+03
 Position Rest.      Potential    Kinetic En.   Total Energy  Conserved En.
    5.37259e+02   -5.23181e+05    8.64204e+04   -4.36761e+05   -5.04632e+05
    Temperature Pres. DC (bar) Pressure (bar)   Constr. rmsd
    3.02335e+02   -2.14729e+02   -4.49616e+02    3.15268e-06

           Step           Time
          19500       39.00000

   Energies (kJ/mol)
           Bond          Angle    Proper Dih. Ryckaert-Bell.          LJ-14
    1.42435e+03    3.76115e+03    2.50450e+02    1.91420e+03    2.68713e+03
     Coulomb-14        LJ (SR)  Disper. corr.   Coulomb (SR)   Coul. recip.
    7.75926e+03    9.18560e+04   -4.44920e+03   -6.31248e+05    2.91196e+03
 Position Rest.      Potential    Kinetic En.   Total Energy  Conserved En.
    4.95553e+02   -5.22637e+05    8.53623e+04   -4.37275e+05   -5.04608e+05
    Temperature Pres. DC (bar) Pressure (bar)   Constr. rmsd
    2.98634e+02   -2.14729e+02   -4.09781e+02    2.69507e-06

           Step           Time
          20000       40.00000

   Energies (kJ/mol)
           Bond          Angle    Proper Dih. Ryckaert-Bell.          LJ-14
    1.45172e+03    3.74375e+03    2.74735e+02    1.80715e+03    2.63224e+03
     Coulomb-14        LJ (SR)  Disper. corr.   Coulomb (SR)   Coul. recip.
    7.62278e+03    9.20952e+04   -4.44920e+03   -6.30352e+05    2.93312e+03
 Position Rest.      Potential    Kinetic En.   Total Energy  Conserved En.
    4.90043e+02   -5.21751e+05    8.59798e+04   -4.35771e+05   -5.04620e+05
    Temperature Pres. DC (bar) Pressure (bar)   Constr. rmsd
    3.00794e+02   -2.14729e+02   -6.36729e+02    2.73488e-06

           Step           Time
          20500       41.00000

   Energies (kJ/mol)
           Bond          Angle    Proper Dih. Ryckaert-Bell.          LJ-14
    1.44224e+03    3.82128e+03    2.87320e+02    1.87523e+03    2.67594e+03
     Coulomb-14        LJ (SR)  Disper. corr.   Coulomb (SR)   Coul. recip.
    7.65980e+03    9.12331e+04   -4.44920e+03   -6.30357e+05    2.99188e+03
 Position Rest.      Potential    Kinetic En.   Total Energy  Conserved En.
    5.43886e+02   -5.22276e+05    8.57407e+04   -4.36535e+05   -5.04621e+05
    Temperature Pres. DC (bar) Pressure (bar)   Constr. rmsd
    2.99958e+02   -2.14729e+02   -7.26204e+02    3.03029e-06

           Step           Time
          21000       42.00000

   Energies (kJ/mol)
           Bond          Angle    Proper Dih. Ryckaert-Bell.          LJ-14
    1.41503e+03    3.73074e+03    2.70740e+02    1.93104e+03    2.64557e+03
     Coulomb-14        LJ (SR)  Disper. corr.   Coulomb (SR)   Coul. recip.
    7.69744e+03    9.13833e+04   -4.44920e+03   -6.30728e+05    2.98766e+03
 Position Rest.      Potential    Kinetic En.   Total Energy  Conserved En.
    5.13788e+02   -5.22601e+05    8.58030e+04   -4.36798e+05   -5.04623e+05
    Temperature Pres. DC (bar) Pressure (bar)   Constr. rmsd
    3.00175e+02   -2.14729e+02   -8.63252e+02    2.66353e-06

           Step           Time
          21500       43.00000

   Energies (kJ/mol)
           Bond          Angle    Proper Dih. Ryckaert-Bell.          LJ-14
    1.43843e+03    3.77818e+03    2.41153e+02    1.88548e+03    2.60858e+03
     Coulomb-14        LJ (SR)  Disper. corr.   Coulomb (SR)   Coul. recip.
    7.77607e+03    9.08229e+04   -4.44920e+03   -6.31062e+05    2.97019e+03
 Position Rest.      Potential    Kinetic En.   Total Energy  Conserved En.
    5.39805e+02   -5.23451e+05    8.59512e+04   -4.37500e+05   -5.04617e+05
    Temperature Pres. DC (bar) Pressure (bar)   Constr. rmsd
    3.00694e+02   -2.14729e+02   -8.29325e+02    2.87453e-06

           Step           Time
          22000       44.00000

   Energies (kJ/mol)
           Bond          Angle    Proper Dih. Ryckaert-Bell.          LJ-14
    1.48515e+03    3.58208e+03    2.53342e+02    1.83309e+03    2.68779e+03
     Coulomb-14        LJ (SR)  Disper. corr.   Coulomb (SR)   Coul. recip.
    7.76316e+03    9.30991e+04   -4.44920e+03   -6.31278e+05    2.99893e+03
 Position Rest.      Potential    Kinetic En.   Total Energy  Conserved En.
    5.89419e+02   -5.21435e+05    8.63414e+04   -4.35093e+05   -5.04607e+05
    Temperature Pres. DC (bar) Pressure (bar)   Constr. rmsd
    3.02059e+02   -2.14729e+02   -3.35116e+02    2.98015e-06

           Step           Time
          22500       45.00000

   Energies (kJ/mol)
           Bond          Angle    Proper Dih. Ryckaert-Bell.          LJ-14
    1.44089e+03    3.59864e+03    2.48575e+02    1.86428e+03    2.62608e+03
     Coulomb-14        LJ (SR)  Disper. corr.   Coulomb (SR)   Coul. recip.
    7.67748e+03    9.33200e+04   -4.44920e+03   -6.32555e+05    2.99972e+03
 Position Rest.      Potential    Kinetic En.   Total Energy  Conserved En.
    5.30002e+02   -5.22699e+05    8.69869e+04   -4.35712e+05   -5.04629e+05
    Temperature Pres. DC (bar) Pressure (bar)   Constr. rmsd
    3.04317e+02   -2.14729e+02   -3.11142e+02    3.04183e-06

           Step           Time
          23000       46.00000

   Energies (kJ/mol)
           Bond          Angle    Proper Dih. Ryckaert-Bell.          LJ-14
    1.44466e+03    3.74111e+03    2.77729e+02    1.82055e+03    2.70161e+03
     Coulomb-14        LJ (SR)  Disper. corr.   Coulomb (SR)   Coul. recip.
    7.67858e+03    9.26637e+04   -4.44920e+03   -6.31398e+05    2.99898e+03
 Position Rest.      Potential    Kinetic En.   Total Energy  Conserved En.
    5.09252e+02   -5.22011e+05    8.51781e+04   -4.36832e+05   -5.04602e+05
    Temperature Pres. DC (bar) Pressure (bar)   Constr. rmsd
    2.97989e+02   -2.14729e+02   -4.51268e+02    2.69595e-06

           Step           Time
          23500       47.00000

   Energies (kJ/mol)
           Bond          Angle    Proper Dih. Ryckaert-Bell.          LJ-14
    1.45313e+03    3.69241e+03    2.52188e+02    1.89119e+03    2.64731e+03
     Coulomb-14        LJ (SR)  Disper. corr.   Coulomb (SR)   Coul. recip.
    7.72345e+03    9.16509e+04   -4.44920e+03   -6.30814e+05    2.95482e+03
 Position Rest.      Potential    Kinetic En.   Total Energy  Conserved En.
    5.24609e+02   -5.22473e+05    8.58868e+04   -4.36586e+05   -5.04607e+05
    Temperature Pres. DC (bar) Pressure (bar)   Constr. rmsd
    3.00469e+02   -2.14729e+02   -5.85172e+02    2.96564e-06

           Step           Time
          24000       48.00000

   Energies (kJ/mol)
           Bond          Angle    Proper Dih. Ryckaert-Bell.          LJ-14
    1.48038e+03    3.69214e+03    3.09173e+02    1.91724e+03    2.65417e+03
     Coulomb-14        LJ (SR)  Disper. corr.   Coulomb (SR)   Coul. recip.
    7.66980e+03    9.18476e+04   -4.44920e+03   -6.31692e+05    3.04004e+03
 Position Rest.      Potential    Kinetic En.   Total Energy  Conserved En.
    5.12282e+02   -5.23019e+05    8.57913e+04   -4.37227e+05   -5.04588e+05
    Temperature Pres. DC (bar) Pressure (bar)   Constr. rmsd
    3.00134e+02   -2.14729e+02   -5.23018e+01    2.78375e-06

           Step           Time
          24500       49.00000

   Energies (kJ/mol)
           Bond          Angle    Proper Dih. Ryckaert-Bell.          LJ-14
    1.44578e+03    3.64606e+03    2.34086e+02    1.89116e+03    2.63332e+03
     Coulomb-14        LJ (SR)  Disper. corr.   Coulomb (SR)   Coul. recip.
    7.75571e+03    9.35538e+04   -4.44920e+03   -6.32501e+05    3.07521e+03
 Position Rest.      Potential    Kinetic En.   Total Energy  Conserved En.
    5.18037e+02   -5.22197e+05    8.52450e+04   -4.36952e+05   -5.04583e+05
    Temperature Pres. DC (bar) Pressure (bar)   Constr. rmsd
    2.98223e+02   -2.14729e+02   -3.67296e+02    2.65305e-06

           Step           Time
          25000       50.00000

Writing checkpoint, step 25000 at Sat Oct  7 19:31:39 2023


   Energies (kJ/mol)
           Bond          Angle    Proper Dih. Ryckaert-Bell.          LJ-14
    1.43738e+03    3.69225e+03    2.60190e+02    1.81991e+03    2.69697e+03
     Coulomb-14        LJ (SR)  Disper. corr.   Coulomb (SR)   Coul. recip.
    7.80326e+03    9.29850e+04   -4.44920e+03   -6.32442e+05    3.04354e+03
 Position Rest.      Potential    Kinetic En.   Total Energy  Conserved En.
    4.78171e+02   -5.22674e+05    8.50474e+04   -4.37627e+05   -5.04588e+05
    Temperature Pres. DC (bar) Pressure (bar)   Constr. rmsd
    2.97532e+02   -2.14729e+02   -4.40948e+02    2.75549e-06


Energy conservation over simulation part #1 of length 50 ps, time 0 to 50 ps
  Conserved energy drift: 6.56e-04 kJ/mol/ps per atom


	<======  ###############  ==>
	<====  A V E R A G E S  ====>
	<==  ###############  ======>

	Statistics over 25001 steps using 251 frames

   Energies (kJ/mol)
           Bond          Angle    Proper Dih. Ryckaert-Bell.          LJ-14
    1.45144e+03    3.71546e+03    2.52568e+02    1.84892e+03    2.67787e+03
     Coulomb-14        LJ (SR)  Disper. corr.   Coulomb (SR)   Coul. recip.
    7.72643e+03    9.17576e+04   -4.44920e+03   -6.30809e+05    3.01961e+03
 Position Rest.      Potential    Kinetic En.   Total Energy  Conserved En.
    4.98887e+02   -5.22309e+05    8.57188e+04   -4.36591e+05   -5.04706e+05
    Temperature Pres. DC (bar) Pressure (bar)   Constr. rmsd
    2.99881e+02   -2.14729e+02   -5.62984e+02    0.00000e+00

   Total Virial (kJ/mol)
    3.44922e+04    1.71691e+02    6.44930e+01
    1.71411e+02    3.45041e+04    1.55106e+02
    6.45552e+01    1.55308e+02    3.42414e+04

   Pressure (bar)
   -5.71236e+02   -1.61023e+01   -6.54801e+00
   -1.60754e+01   -5.69279e+02   -1.60901e+01
   -6.55400e+00   -1.61096e+01   -5.48436e+02

      T-Protein  T-non-Protein
    3.01209e+02    2.99778e+02


	M E G A - F L O P S   A C C O U N T I N G

 NB=Group-cutoff nonbonded kernels    NxN=N-by-N cluster Verlet kernels
 RF=Reaction-Field  VdW=Van der Waals  QSTab=quadratic-spline table
 W3=SPC/TIP3p  W4=TIP4p (single or pairs)
 V&F=Potential and force  V=Potential only  F=Force only

 Computing:                               M-Number         M-Flops  % Flops
-----------------------------------------------------------------------------
 Pair Search distance check            5979.081232       53811.731     0.2
 NxN Ewald Elec. + LJ [F]            218890.576704    14446778.062    51.4
 NxN Ewald Elec. + LJ [V&F]            2219.732488      237511.376     0.8
 NxN Ewald Elec. [F]                 196163.145312    11965951.864    42.5
 NxN Ewald Elec. [V&F]                 1989.289160      167100.289     0.6
 1,4 nonbonded interactions             127.655106       11488.960     0.0
 Calc Weights                          2540.801628       91468.859     0.3
 Spread Q Bspline                     54203.768064      108407.536     0.4
 Gather F Bspline                     54203.768064      325222.608     1.2
 3D-FFT                               69761.190336      558089.523     2.0
 Solve PME                               48.401936        3097.724     0.0
 Reset In Box                            16.971876          50.916     0.0
 CG-CoM                                  17.005752          51.017     0.0
 Bonds                                   25.626025        1511.935     0.0
 Angles                                  88.678547       14897.996     0.1
 Propers                                 10.650426        2438.948     0.0
 RB-Dihedrals                            98.753950       24392.226     0.1
 Pos. Restr.                             25.026001        1251.300     0.0
 Virial                                   8.514171         153.255     0.0
 Stop-CM                                  8.536752          85.368     0.0
 Calc-Ekin                              169.447752        4575.089     0.0
 Lincs                                   23.977877        1438.673     0.0
 Lincs-Mat                              119.414328         477.657     0.0
 Constraint-V                           845.717652        7611.459     0.0
 Constraint-Vir                           8.249617         197.991     0.0
 Settle                                 265.931908       98394.806     0.3
-----------------------------------------------------------------------------
 Total                                                28126457.167   100.0
-----------------------------------------------------------------------------


    D O M A I N   D E C O M P O S I T I O N   S T A T I S T I C S

 av. #atoms communicated per step for force:  2 x 0.0


      R E A L   C Y C L E   A N D   T I M E   A C C O U N T I N G

On 1 MPI rank, each using 8 OpenMP threads

 Activity:              Num   Num      Call    Wall time         Giga-Cycles
                        Ranks Threads  Count      (s)         total sum    %
--------------------------------------------------------------------------------
 Domain decomp.            1    8        501       1.096          0.210   0.7
 Neighbor search           1    8        501       3.531          0.678   2.3
 Force                     1    8      25001     110.171         21.153  71.5
 PME mesh                  1    8      25001      26.263          5.043  17.0
 NB X/F buffer ops.        1    8      49501       4.766          0.915   3.1
 Write traj.               1    8         51       0.375          0.072   0.2
 Update                    1    8      25001       2.863          0.550   1.9
 Constraints               1    8      25003       4.364          0.838   2.8
 Rest                                              0.667          0.128   0.4
--------------------------------------------------------------------------------
 Total                                           154.096         29.586 100.0
--------------------------------------------------------------------------------
 Breakdown of PME mesh activities
--------------------------------------------------------------------------------
 PME spread                1    8      25001       8.597          1.651   5.6
 PME gather                1    8      25001       8.178          1.570   5.3
 PME 3D-FFT                1    8      50002       9.059          1.739   5.9
 PME solve Elec            1    8      25001       0.223          0.043   0.1
--------------------------------------------------------------------------------

               Core t (s)   Wall t (s)        (%)
       Time:     1232.768      154.096      800.0
                 (ns/day)    (hour/ns)
Performance:       28.036        0.856
Finished mdrun on rank 0 Sat Oct  7 19:31:39 2023

